worker : 384	port num : 384
kv_num : 100000000
data size : 460GB
port base : 8033
count:100000000
100000000 100000000
success 3
success 4
success 5
success 6
success 7
success 8
success 9
success 10
success 11
success 12
success 13
success 14
success 15
success 16
success 17
success 18
success 19
success 20
success 21
success 22
success 23
success 24
success 25
success 26
success 27
success 28
success 29
success 30
success 31
success 32
success 33
success 34
success 35
success 36
success 37
success 38
success 39
success 40
success 41
success 42
success 43
success 44
success 45
success 46
success 47
success 48
success 49
success 50
success 51
success 52
success 53
success 54
success 55
success 56
success 57
success 58
success 59
success 60
success 61
success 62
success 63
success 64
success 65
success 66
success 67
success 68
success 69
success 70
success 71
success 72
success 73
success 74
success 75
success 76
success 77
success 78
success 79
success 80
success 81
success 82
success 83
success 84
success 85
success 86
success 87
success 88
success 89
success 90
success 91
success 92
success 93
success 94
success 95
success 96
success 97
success 98
success 99
success 100
success 101
success 102
success 103
success 104
success 105
success 106
success 107
success 108
success 109
success 110
success 111
success 112
success 113
success 114
success 115
success 116
success 117
success 118
success 119
success 120
success 121
success 122
success 123
success 124
success 125
success 126
success 127
success 128
success 129
success 130
success 131
success 132
success 133
success 134
success 135
success 136
success 137
success 138
success 139
success 140
success 141
success 142
success 143
success 144
success 145
success 146
success 147
success 148
success 149
success 150
success 151
success 152
success 153
success 154
success 155
success 156
success 157
success 158
success 159
success 160
success 161
success 162
success 163
success 164
success 165
success 166
success 167
success 168
success 169
success 170
success 171
success 172
success 173
success 174
success 175
success 176
success 177
success 178
success 179
success 180
success 181
success 182
success 183
success 184
success 185
success 186
success 187
success 188
success 189
success 190
success 191
success 192
success 193
success 194
success 195
success 196
success 197
success 198
success 199
success 200
success 201
success 202
success 203
success 204
success 205
success 206
success 207
success 208
success 209
success 210
success 211
success 212
success 213
success 214
success 215
success 216
success 217
success 218
success 219
success 220
success 221
success 222
success 223
success 224
success 225
success 226
success 227
success 228
success 229
success 230
success 231
success 232
success 233
success 234
success 235
success 236
success 237
success 238
success 239
success 240
success 241
success 242
success 243
success 244
success 245
success 246
success 247
success 248
success 249
success 250
success 251
success 252
success 253
success 254
success 255
success 256
success 257
success 258
success 259
success 260
success 261
success 262
success 263
success 264
success 265
success 266
success 267
success 268
success 269
success 270
success 271
success 272
success 273
success 274
success 275
success 276
success 277
success 278
success 279
success 280
success 281
success 282
success 283
success 284
success 285
success 286
success 287
success 288
success 289
success 290
success 291
success 292
success 293
success 294
success 295
success 296
success 297
success 298
success 299
success 300
success 301
success 302
success 303
success 304
success 305
success 306
success 307
success 308
success 309
success 310
success 311
success 312
success 313
success 314
success 315
success 316
success 317
success 318
success 319
success 320
success 321
success 322
success 323
success 324
success 325
success 326
success 327
success 328
success 329
success 330
success 331
success 332
success 333
success 334
success 335
success 336
success 337
success 338
success 339
success 340
success 341
success 342
success 343
success 344
success 345
success 346
success 347
success 348
success 349
success 350
success 351
success 352
success 353
success 354
success 355
success 356
success 357
success 358
success 359
success 360
success 361
success 362
success 363
success 364
success 365
success 366
success 367
success 368
success 369
success 370
success 371
success 372
success 373
success 374
success 375
success 376
success 377
success 378
success 379
success 380
success 381
success 382
success 383
success 384
success 385
success 386
success 387
success
0
myround 100 end,g_count 99999744
1
myround 100 end,g_count 99999744
2
myround 100 end,g_count 99999744
3
myround 100 end,g_count 99999744
4
myround 100 end,g_count 99999744
5
myround 100 end,g_count 99999744
6
myround 100 end,g_count 99999744
7
myround 100 end,g_count 99999744
8
myround 100 end,g_count 99999744
9
myround 100 end,g_count 99999744
10
myround 100 end,g_count 99999744
11
myround 100 end,g_count 99999744
12
myround 100 end,g_count 99999744
13
myround 100 end,g_count 99999744
14
myround 100 end,g_count 99999744
15
myround 100 end,g_count 99999744
16
myround 100 end,g_count 99999744
17
myround 100 end,g_count 99999744
18
myround 100 end,g_count 99999744
19
myround 100 end,g_count 99999744
20
myround 100 end,g_count 99999744
21
myround 100 end,g_count 99999744
22
myround 100 end,g_count 99999744
23
24
myround 100 end,g_count 99999744
25
myround 100 end,g_count 99999744
26
myround 100 end,g_count 99999744
27
myround 100 end,g_count 99999744
28
myround 100 end,g_count 99999744
29
myround 100 end,g_count 99999744
30
myround 100 end,g_count 99999744
31
myround 100 end,g_count 99999744
32
myround 100 end,g_count 99999744
33
myround 100 end,g_count 99999744
34
myround 100 end,g_count 99999744
35
myround 100 end,g_count 99999744
36
myround 100 end,g_count 99999744
37
myround 100 end,g_count 99999744
38
myround 100 end,g_count 99999744
39
myround 100 end,g_count 99999744
40
myround 100 end,g_count 99999744
41
myround 100 end,g_count 99999744
42
myround 100 end,g_count 99999744
43
myround 100 end,g_count 99999744
44
myround 100 end,g_count 99999744
45
myround 100 end,g_count 99999744
46
myround 100 end,g_count 99999744
47
myround 100 end,g_count 99999744
48
49
myround 100 end,g_count 99999744
50
myround 100 end,g_count 99999744
51
myround 100 end,g_count 99999744
52
myround 100 end,g_count 99999744
53
myround 100 end,g_count 99999744
54
myround 100 end,g_count 99999744
55
myround 100 end,g_count 99999744
56
myround 100 end,g_count 99999744
57
myround 100 end,g_count 99999744
58
myround 100 end,g_count 99999744
59
myround 100 end,g_count 99999744
60
myround 100 end,g_count 99999744
61
myround 100 end,g_count 99999744
62
myround 100 end,g_count 99999744
63
myround 100 end,g_count 99999744
64
myround 100 end,g_count 99999744
65
myround 100 end,g_count 99999744
66
myround 100 end,g_count 99999744
67
myround 100 end,g_count 99999744
68
myround 100 end,g_count 99999744
69
myround 100 end,g_count 99999744
70
myround 100 end,g_count 99999744
71
myround 100 end,g_count 99999744
72
myround 100 end,g_count 99999744
73
74
myround 100 end,g_count 99999744
75
myround 100 end,g_count 99999744
76
myround 100 end,g_count 99999744
77
myround 100 end,g_count 99999744
78
myround 100 end,g_count 99999744
79
myround 100 end,g_count 99999744
80
myround 100 end,g_count 99999744
81
myround 100 end,g_count 99999744
82
myround 100 end,g_count 99999744
83
myround 100 end,g_count 99999744
84
myround 100 end,g_count 99999744
85
myround 100 end,g_count 99999744
86
myround 100 end,g_count 99999744
87
myround 100 end,g_count 99999744
88
myround 100 end,g_count 99999744
89
myround 100 end,g_count 99999744
90
myround 100 end,g_count 99999744
91
myround 100 end,g_count 99999744
92
myround 100 end,g_count 99999744
93
myround 100 end,g_count 99999744
94
myround 100 end,g_count 99999744
95
myround 100 end,g_count 99999744
96
myround 100 end,g_count 99999744
97
myround 100 end,g_count 99999744
98
390600
99
success
success
port num 0 send bytes:871015285 recv bytes:1070789549
port num 1 send bytes:872746613 recv bytes:1072923517
port num 2 send bytes:873977842 recv bytes:1074441042
port num 3 send bytes:871509269 recv bytes:1071403181
port num 4 send bytes:869325836 recv bytes:1068717092
port num 5 send bytes:874181767 recv bytes:1074686863
port num 6 send bytes:874673284 recv bytes:1075287188
port num 7 send bytes:872945457 recv bytes:1073168649
port num 8 send bytes:872343028 recv bytes:1072418868
port num 9 send bytes:871345267 recv bytes:1071199547
port num 10 send bytes:872701781 recv bytes:1072868045
port num 11 send bytes:872307762 recv bytes:1072381010
port num 12 send bytes:869364892 recv bytes:1068762732
port num 13 send bytes:870797569 recv bytes:1070522465
port num 14 send bytes:875315017 recv bytes:1076073505
port num 15 send bytes:873217606 recv bytes:1073499822
port num 16 send bytes:872196766 recv bytes:1072240030
port num 17 send bytes:871940610 recv bytes:1071921554
port num 18 send bytes:872229912 recv bytes:1072286192
port num 19 send bytes:870703979 recv bytes:1070412987
port num 20 send bytes:872431275 recv bytes:1072538483
port num 21 send bytes:873336881 recv bytes:1073647521
port num 22 send bytes:874541116 recv bytes:1075127212
port num 23 send bytes:874048103 recv bytes:1074515359
port num 24 send bytes:873109157 recv bytes:1073358997
port num 25 send bytes:871036426 recv bytes:1070820178
port num 26 send bytes:872881362 recv bytes:1073090674
port num 27 send bytes:869163360 recv bytes:1068519704
port num 28 send bytes:871667245 recv bytes:1071587781
port num 29 send bytes:871111541 recv bytes:1070909677
port num 30 send bytes:873566729 recv bytes:1073942089
port num 31 send bytes:871542307 recv bytes:1071431939
port num 32 send bytes:871947692 recv bytes:1071937908
port num 33 send bytes:871508885 recv bytes:1071400189
port num 34 send bytes:874769735 recv bytes:1075403143
port num 35 send bytes:874186444 recv bytes:1074688236
port num 36 send bytes:873015900 recv bytes:1073254972
port num 37 send bytes:871387548 recv bytes:1071246004
port num 38 send bytes:873518392 recv bytes:1073871808
port num 39 send bytes:873169875 recv bytes:1073441027
port num 40 send bytes:871922153 recv bytes:1071908025
port num 41 send bytes:872968864 recv bytes:1073203088
port num 42 send bytes:871000556 recv bytes:1070773556
port num 43 send bytes:869991327 recv bytes:1069532951
port num 44 send bytes:874227346 recv bytes:1074740338
port num 45 send bytes:870126019 recv bytes:1069696363
port num 46 send bytes:869942614 recv bytes:1069478958
port num 47 send bytes:869644515 recv bytes:1069104955
port num 48 send bytes:872077694 recv bytes:1072102534
port num 49 send bytes:867862112 recv bytes:1066919536
port num 50 send bytes:870363970 recv bytes:1069991090
port num 51 send bytes:870887169 recv bytes:1070638601
port num 52 send bytes:872191063 recv bytes:1072228279
port num 53 send bytes:869738468 recv bytes:1069226684
port num 54 send bytes:870759496 recv bytes:1070474416
port num 55 send bytes:870802745 recv bytes:1070528313
port num 56 send bytes:874614519 recv bytes:1075208679
port num 57 send bytes:871201385 recv bytes:1071027337
port num 58 send bytes:870884837 recv bytes:1070635405
port num 59 send bytes:871879533 recv bytes:1071845341
port num 60 send bytes:872153286 recv bytes:1072198574
port num 61 send bytes:868853464 recv bytes:1068130224
port num 62 send bytes:875885574 recv bytes:1076778334
port num 63 send bytes:870982924 recv bytes:1070745228
port num 64 send bytes:874386611 recv bytes:1074936203
port num 65 send bytes:873357262 recv bytes:1073666310
port num 66 send bytes:874643757 recv bytes:1075255853
port num 67 send bytes:869503687 recv bytes:1068930647
port num 68 send bytes:874333725 recv bytes:1074872157
port num 69 send bytes:871538923 recv bytes:1071437547
port num 70 send bytes:872918799 recv bytes:1073129975
port num 71 send bytes:873520995 recv bytes:1073868211
port num 72 send bytes:872847620 recv bytes:1073044540
port num 73 send bytes:872634250 recv bytes:1072781330
port num 74 send bytes:872206379 recv bytes:1072262747
port num 75 send bytes:871707603 recv bytes:1071643315
port num 76 send bytes:871441373 recv bytes:1071318389
port num 77 send bytes:872053888 recv bytes:1072071432
port num 78 send bytes:871254400 recv bytes:1071078736
port num 79 send bytes:873343358 recv bytes:1073650894
port num 80 send bytes:870921892 recv bytes:1070679900
port num 81 send bytes:872230232 recv bytes:1072296680
port num 82 send bytes:873493248 recv bytes:1073842352
port num 83 send bytes:869225796 recv bytes:1068598300
port num 84 send bytes:871253305 recv bytes:1071079993
port num 85 send bytes:872409560 recv bytes:1072504752
port num 86 send bytes:868835501 recv bytes:1068111333
port num 87 send bytes:875147336 recv bytes:1075875944
port num 88 send bytes:873534772 recv bytes:1073883516
port num 89 send bytes:873334165 recv bytes:1073640605
port num 90 send bytes:875033385 recv bytes:1075731377
port num 91 send bytes:870229767 recv bytes:1069830607
port num 92 send bytes:872228259 recv bytes:1072277643
port num 93 send bytes:871092854 recv bytes:1070887678
port num 94 send bytes:872239683 recv bytes:1072301923
port num 95 send bytes:873091502 recv bytes:1073343134
port num 96 send bytes:870159126 recv bytes:1069741910
port num 97 send bytes:871903339 recv bytes:1071881267
port num 98 send bytes:873261768 recv bytes:1073555816
port num 99 send bytes:872889772 recv bytes:1073099620
port num 100 send bytes:876321515 recv bytes:1077313195
port num 101 send bytes:872818494 recv bytes:1073006038
port num 102 send bytes:869331193 recv bytes:1068722225
port num 103 send bytes:871476650 recv bytes:1071362186
port num 104 send bytes:874284667 recv bytes:1074807315
port num 105 send bytes:874156961 recv bytes:1074659241
port num 106 send bytes:869944149 recv bytes:1069470349
port num 107 send bytes:872569288 recv bytes:1072702376
port num 108 send bytes:871604657 recv bytes:1071523617
port num 109 send bytes:873965785 recv bytes:1074415105
port num 110 send bytes:871490782 recv bytes:1071377462
port num 111 send bytes:869126570 recv bytes:1068477162
port num 112 send bytes:869982033 recv bytes:1069518521
port num 113 send bytes:869097389 recv bytes:1068432509
port num 114 send bytes:870810835 recv bytes:1070542587
port num 115 send bytes:872370865 recv bytes:1072460217
port num 116 send bytes:871419007 recv bytes:1071295727
port num 117 send bytes:873947538 recv bytes:1074397386
port num 118 send bytes:871610736 recv bytes:1071524904
port num 119 send bytes:868126889 recv bytes:1067232041
port num 120 send bytes:868870519 recv bytes:1068158191
port num 121 send bytes:873863765 recv bytes:1074294157
port num 122 send bytes:872174138 recv bytes:1072220282
port num 123 send bytes:872217286 recv bytes:1072273446
port num 124 send bytes:873286542 recv bytes:1073587502
port num 125 send bytes:873749797 recv bytes:1074155789
port num 126 send bytes:872864142 recv bytes:1073066822
port num 127 send bytes:875337416 recv bytes:1076105192
port num 128 send bytes:870054639 recv bytes:1069608407
port num 129 send bytes:871848722 recv bytes:1071818810
port num 130 send bytes:870743700 recv bytes:1070456964
port num 131 send bytes:872193557 recv bytes:1072243765
port num 132 send bytes:869644552 recv bytes:1069103832
port num 133 send bytes:870713096 recv bytes:1070425448
port num 134 send bytes:870305808 recv bytes:1069917224
port num 135 send bytes:870010356 recv bytes:1069557796
port num 136 send bytes:871779148 recv bytes:1071729900
port num 137 send bytes:869086971 recv bytes:1068422083
port num 138 send bytes:870336060 recv bytes:1069954636
port num 139 send bytes:874481600 recv bytes:1075053872
port num 140 send bytes:870933612 recv bytes:1070692452
port num 141 send bytes:872655238 recv bytes:1072807422
port num 142 send bytes:873372544 recv bytes:1073689848
port num 143 send bytes:872150673 recv bytes:1072188577
port num 144 send bytes:873906786 recv bytes:1074342234
port num 145 send bytes:871146289 recv bytes:1070952121
port num 146 send bytes:871601977 recv bytes:1071514649
port num 147 send bytes:872582980 recv bytes:1072718732
port num 148 send bytes:870062759 recv bytes:1069619935
port num 149 send bytes:870122797 recv bytes:1069681693
port num 150 send bytes:869689602 recv bytes:1069160026
port num 151 send bytes:871808958 recv bytes:1071761742
port num 152 send bytes:872584669 recv bytes:1072716709
port num 153 send bytes:871664569 recv bytes:1071592369
port num 154 send bytes:869651989 recv bytes:1069115629
port num 155 send bytes:872380063 recv bytes:1072463007
port num 156 send bytes:869075786 recv bytes:1068407586
port num 157 send bytes:873530435 recv bytes:1073881211
port num 158 send bytes:871673034 recv bytes:1071608346
port num 159 send bytes:874922819 recv bytes:1075591347
port num 160 send bytes:870974038 recv bytes:1070737382
port num 161 send bytes:869629119 recv bytes:1069092231
port num 162 send bytes:869733098 recv bytes:1069222146
port num 163 send bytes:872521735 recv bytes:1072645991
port num 164 send bytes:873994646 recv bytes:1074456670
port num 165 send bytes:871679505 recv bytes:1071611849
port num 166 send bytes:871603444 recv bytes:1071512380
port num 167 send bytes:871849041 recv bytes:1071815417
port num 168 send bytes:868725572 recv bytes:1067977772
port num 169 send bytes:868411746 recv bytes:1067600242
port num 170 send bytes:871846297 recv bytes:1071819785
port num 171 send bytes:871133012 recv bytes:1070936028
port num 172 send bytes:873810397 recv bytes:1074227733
port num 173 send bytes:872389470 recv bytes:1072482790
port num 174 send bytes:869863121 recv bytes:1069365129
port num 175 send bytes:871389150 recv bytes:1071246590
port num 176 send bytes:871789051 recv bytes:1071745227
port num 177 send bytes:874288112 recv bytes:1074811784
port num 178 send bytes:875260574 recv bytes:1076014646
port num 179 send bytes:873128488 recv bytes:1073386672
port num 180 send bytes:871150836 recv bytes:1070964172
port num 181 send bytes:872500711 recv bytes:1072616543
port num 182 send bytes:876286544 recv bytes:1077271328
port num 183 send bytes:872195709 recv bytes:1072241981
port num 184 send bytes:873308646 recv bytes:1073610006
port num 185 send bytes:869209040 recv bytes:1068572120
port num 186 send bytes:872082946 recv bytes:1072110154
port num 187 send bytes:871768719 recv bytes:1071714007
port num 188 send bytes:874901088 recv bytes:1075560112
port num 189 send bytes:874443647 recv bytes:1075015623
port num 190 send bytes:868924663 recv bytes:1068226055
port num 191 send bytes:872517434 recv bytes:1072634714
port num 192 send bytes:874347344 recv bytes:1074890552
port num 193 send bytes:872315229 recv bytes:1072387021
port num 194 send bytes:874043246 recv bytes:1074514742
port num 195 send bytes:869878648 recv bytes:1069393440
port num 196 send bytes:872529239 recv bytes:1072662671
port num 197 send bytes:872323254 recv bytes:1072401046
port num 198 send bytes:869754969 recv bytes:1069249209
port num 199 send bytes:871523215 recv bytes:1071417127
port num 200 send bytes:870443533 recv bytes:1070088557
port num 201 send bytes:871290448 recv bytes:1071128904
port num 202 send bytes:873200719 recv bytes:1073471327
port num 203 send bytes:872410496 recv bytes:1072505088
port num 204 send bytes:872920539 recv bytes:1073133755
port num 205 send bytes:869701592 recv bytes:1069175760
port num 206 send bytes:871265342 recv bytes:1071095206
port num 207 send bytes:869466388 recv bytes:1068890284
port num 208 send bytes:877060274 recv bytes:1078223138
port num 209 send bytes:870481188 recv bytes:1070131812
port num 210 send bytes:872534340 recv bytes:1072656212
port num 211 send bytes:868838250 recv bytes:1068116442
port num 212 send bytes:874404907 recv bytes:1074956795
port num 213 send bytes:874037708 recv bytes:1074512580
port num 214 send bytes:870428599 recv bytes:1070077935
port num 215 send bytes:872957992 recv bytes:1073181656
port num 216 send bytes:872553499 recv bytes:1072682603
port num 217 send bytes:871739803 recv bytes:1071688491
port num 218 send bytes:870790231 recv bytes:1070522423
port num 219 send bytes:871971194 recv bytes:1071963426
port num 220 send bytes:873667200 recv bytes:1074049280
port num 221 send bytes:873935499 recv bytes:1074375723
port num 222 send bytes:869997525 recv bytes:1069535053
port num 223 send bytes:872492152 recv bytes:1072611576
port num 224 send bytes:869246630 recv bytes:1068622270
port num 225 send bytes:872555086 recv bytes:1072686702
port num 226 send bytes:869316515 recv bytes:1068706459
port num 227 send bytes:873076535 recv bytes:1073332999
port num 228 send bytes:873572574 recv bytes:1073928198
port num 229 send bytes:868226660 recv bytes:1067362492
port num 230 send bytes:872778181 recv bytes:1072960965
port num 231 send bytes:871732797 recv bytes:1071675565
port num 232 send bytes:874469380 recv bytes:1075035916
port num 233 send bytes:869650333 recv bytes:1069111709
port num 234 send bytes:870824416 recv bytes:1070558848
port num 235 send bytes:870853472 recv bytes:1070592856
port num 236 send bytes:874808074 recv bytes:1075457906
port num 237 send bytes:872184911 recv bytes:1072228055
port num 238 send bytes:872487345 recv bytes:1072605865
port num 239 send bytes:870678139 recv bytes:1070380827
port num 240 send bytes:871732524 recv bytes:1071669788
port num 241 send bytes:875073948 recv bytes:1075784420
port num 242 send bytes:874448708 recv bytes:1075015324
port num 243 send bytes:873315443 recv bytes:1073622899
port num 244 send bytes:871804172 recv bytes:1071766956
port num 245 send bytes:873652451 recv bytes:1074026755
port num 246 send bytes:872139681 recv bytes:1072170185
port num 247 send bytes:873425353 recv bytes:1073757905
port num 248 send bytes:870003432 recv bytes:1069550256
port num 249 send bytes:871487175 recv bytes:1071369103
port num 250 send bytes:869100063 recv bytes:1068436471
port num 251 send bytes:872206345 recv bytes:1072256953
port num 252 send bytes:872037852 recv bytes:1072045844
port num 253 send bytes:871442983 recv bytes:1071318303
port num 254 send bytes:871426970 recv bytes:1071302314
port num 255 send bytes:872998646 recv bytes:1073227134
port num 256 send bytes:872700936 recv bytes:1072857288
port num 257 send bytes:871666384 recv bytes:1071595528
port num 258 send bytes:873676307 recv bytes:1074061963
port num 259 send bytes:872913383 recv bytes:1073122447
port num 260 send bytes:872698693 recv bytes:1072859973
port num 261 send bytes:873936678 recv bytes:1074383030
port num 262 send bytes:871424081 recv bytes:1071298753
port num 263 send bytes:870639222 recv bytes:1070336038
port num 264 send bytes:871449793 recv bytes:1071327545
port num 265 send bytes:871286182 recv bytes:1071115230
port num 266 send bytes:872076650 recv bytes:1072097002
port num 267 send bytes:872568691 recv bytes:1072701051
port num 268 send bytes:871177516 recv bytes:1070993780
port num 269 send bytes:873663952 recv bytes:1074042992
port num 270 send bytes:872324553 recv bytes:1072396017
port num 271 send bytes:870948841 recv bytes:1070706801
port num 272 send bytes:871041731 recv bytes:1070819691
port num 273 send bytes:875063756 recv bytes:1075770188
port num 274 send bytes:871814767 recv bytes:1071775079
port num 275 send bytes:872027526 recv bytes:1072041646
port num 276 send bytes:870899948 recv bytes:1070650220
port num 277 send bytes:872574877 recv bytes:1072706037
port num 278 send bytes:870778837 recv bytes:1070490893
port num 279 send bytes:873081725 recv bytes:1073336197
port num 280 send bytes:870960176 recv bytes:1070725592
port num 281 send bytes:866586710 recv bytes:1065353902
port num 282 send bytes:873729895 recv bytes:1074125103
port num 283 send bytes:871488313 recv bytes:1071375241
port num 284 send bytes:870938888 recv bytes:1070695120
port num 285 send bytes:874375122 recv bytes:1074926386
port num 286 send bytes:871577610 recv bytes:1071487714
port num 287 send bytes:870270874 recv bytes:1069872570
port num 288 send bytes:872855163 recv bytes:1073050235
port num 289 send bytes:872355957 recv bytes:1072438501
port num 290 send bytes:871600994 recv bytes:1071509594
port num 291 send bytes:871353916 recv bytes:1071211836
port num 292 send bytes:868226105 recv bytes:1067365385
port num 293 send bytes:869588636 recv bytes:1069040820
port num 294 send bytes:871333258 recv bytes:1071186106
port num 295 send bytes:874049131 recv bytes:1074530299
port num 296 send bytes:873062646 recv bytes:1073307422
port num 297 send bytes:871882624 recv bytes:1071861664
port num 298 send bytes:874256500 recv bytes:1074782100
port num 299 send bytes:873667313 recv bytes:1074051289
port num 300 send bytes:869389269 recv bytes:1068787109
port num 301 send bytes:873440079 recv bytes:1073780695
port num 302 send bytes:873463218 recv bytes:1073801882
port num 303 send bytes:868685348 recv bytes:1067919404
port num 304 send bytes:870770810 recv bytes:1070503146
port num 305 send bytes:870578554 recv bytes:1070255234
port num 306 send bytes:871220940 recv bytes:1071044252
port num 307 send bytes:871333196 recv bytes:1071186884
port num 308 send bytes:872415107 recv bytes:1072515227
port num 309 send bytes:874493673 recv bytes:1075066177
port num 310 send bytes:872316368 recv bytes:1072393488
port num 311 send bytes:872733220 recv bytes:1072908604
port num 312 send bytes:868371038 recv bytes:1067540534
port num 313 send bytes:869578053 recv bytes:1069030429
port num 314 send bytes:871374620 recv bytes:1071232596
port num 315 send bytes:875413592 recv bytes:1076201656
port num 316 send bytes:871179868 recv bytes:1070991572
port num 317 send bytes:872067998 recv bytes:1072085654
port num 318 send bytes:869717019 recv bytes:1069190219
port num 319 send bytes:869991867 recv bytes:1069544755
port num 320 send bytes:868772302 recv bytes:1068033422
port num 321 send bytes:871669929 recv bytes:1071588905
port num 322 send bytes:870699459 recv bytes:1070407195
port num 323 send bytes:872830853 recv bytes:1073023525
port num 324 send bytes:873074470 recv bytes:1073317102
port num 325 send bytes:873483685 recv bytes:1073824373
port num 326 send bytes:869644489 recv bytes:1069104393
port num 327 send bytes:871512122 recv bytes:1071400586
port num 328 send bytes:870738289 recv bytes:1070456281
port num 329 send bytes:869620527 recv bytes:1069071191
port num 330 send bytes:871183705 recv bytes:1070993809
port num 331 send bytes:873398935 recv bytes:1073722703
port num 332 send bytes:872345501 recv bytes:1072428853
port num 333 send bytes:874019130 recv bytes:1074488226
port num 334 send bytes:872954911 recv bytes:1073176671
port num 335 send bytes:874666235 recv bytes:1075279307
port num 336 send bytes:871797251 recv bytes:1071756899
port num 337 send bytes:872426887 recv bytes:1072525319
port num 338 send bytes:871380928 recv bytes:1071243680
port num 339 send bytes:870064444 recv bytes:1069624508
port num 340 send bytes:871986583 recv bytes:1071981895
port num 341 send bytes:872099845 recv bytes:1072128349
port num 342 send bytes:870042676 recv bytes:1069589476
port num 343 send bytes:871518763 recv bytes:1071414051
port num 344 send bytes:869964666 recv bytes:1069509266
port num 345 send bytes:872691139 recv bytes:1072852163
port num 346 send bytes:867923321 recv bytes:1066989505
port num 347 send bytes:872797655 recv bytes:1072985183
port num 348 send bytes:872794446 recv bytes:1072973750
port num 349 send bytes:868456231 recv bytes:1067641095
port num 350 send bytes:873262651 recv bytes:1073556043
port num 351 send bytes:870853268 recv bytes:1070591732
port num 352 send bytes:869439894 recv bytes:1068852534
port num 353 send bytes:869840293 recv bytes:1069341053
port num 354 send bytes:873552989 recv bytes:1073917373
port num 355 send bytes:873205245 recv bytes:1073489509
port num 356 send bytes:871605397 recv bytes:1071517045
port num 357 send bytes:873568192 recv bytes:1073933368
port num 358 send bytes:871135086 recv bytes:1070934414
port num 359 send bytes:870171239 recv bytes:1069761735
port num 360 send bytes:873222281 recv bytes:1073502913
port num 361 send bytes:874308116 recv bytes:1074832708
port num 362 send bytes:870182154 recv bytes:1069773426
port num 363 send bytes:873719516 recv bytes:1074116252
port num 364 send bytes:875766136 recv bytes:1076632760
port num 365 send bytes:873657631 recv bytes:1074040975
port num 366 send bytes:869379410 recv bytes:1068783554
port num 367 send bytes:872227210 recv bytes:1072276314
port num 368 send bytes:872824758 recv bytes:1073024974
port num 369 send bytes:873699221 recv bytes:1074090621
port num 370 send bytes:871937172 recv bytes:1071927108
port num 371 send bytes:872981125 recv bytes:1073205213
port num 372 send bytes:871465611 recv bytes:1071338923
port num 373 send bytes:869686069 recv bytes:1069155917
port num 374 send bytes:871131924 recv bytes:1070941188
port num 375 send bytes:871175482 recv bytes:1070987042
port num 376 send bytes:870091644 recv bytes:1069658476
port num 377 send bytes:871906463 recv bytes:1071879551
port num 378 send bytes:873394619 recv bytes:1073716131
port num 379 send bytes:871585874 recv bytes:1071496618
port num 380 send bytes:874275133 recv bytes:1074797733
port num 381 send bytes:872463956 recv bytes:1072575908
port num 382 send bytes:872891062 recv bytes:1073103246
port num 383 send bytes:872111456 recv bytes:1072134656

 ** average runtime : 530915581
