worker : 384	port num : 384
kv_num : 100000000
data size : 460GB
port base : 8033
count:100000000
100000000 100000000
success 3
success 4
success 5
success 6
success 7
success 8
success 9
success 10
success 11
success 12
success 13
success 14
success 15
success 16
success 17
success 18
success 19
success 20
success 21
success 22
success 23
success 24
success 25
success 26
success 27
success 28
success 29
success 30
success 31
success 32
success 33
success 34
success 35
success 36
success 37
success 38
success 39
success 40
success 41
success 42
success 43
success 44
success 45
success 46
success 47
success 48
success 49
success 50
success 51
success 52
success 53
success 54
success 55
success 56
success 57
success 58
success 59
success 60
success 61
success 62
success 63
success 64
success 65
success 66
success 67
success 68
success 69
success 70
success 71
success 72
success 73
success 74
success 75
success 76
success 77
success 78
success 79
success 80
success 81
success 82
success 83
success 84
success 85
success 86
success 87
success 88
success 89
success 90
success 91
success 92
success 93
success 94
success 95
success 96
success 97
success 98
success 99
success 100
success 101
success 102
success 103
success 104
success 105
success 106
success 107
success 108
success 109
success 110
success 111
success 112
success 113
success 114
success 115
success 116
success 117
success 118
success 119
success 120
success 121
success 122
success 123
success 124
success 125
success 126
success 127
success 128
success 129
success 130
success 131
success 132
success 133
success 134
success 135
success 136
success 137
success 138
success 139
success 140
success 141
success 142
success 143
success 144
success 145
success 146
success 147
success 148
success 149
success 150
success 151
success 152
success 153
success 154
success 155
success 156
success 157
success 158
success 159
success 160
success 161
success 162
success 163
success 164
success 165
success 166
success 167
success 168
success 169
success 170
success 171
success 172
success 173
success 174
success 175
success 176
success 177
success 178
success 179
success 180
success 181
success 182
success 183
success 184
success 185
success 186
success 187
success 188
success 189
success 190
success 191
success 192
success 193
success 194
success 195
success 196
success 197
success 198
success 199
success 200
success 201
success 202
success 203
success 204
success 205
success 206
success 207
success 208
success 209
success 210
success 211
success 212
success 213
success 214
success 215
success 216
success 217
success 218
success 219
success 220
success 221
success 222
success 223
success 224
success 225
success 226
success 227
success 228
success 229
success 230
success 231
success 232
success 233
success 234
success 235
success 236
success 237
success 238
success 239
success 240
success 241
success 242
success 243
success 244
success 245
success 246
success 247
success 248
success 249
success 250
success 251
success 252
success 253
success 254
success 255
success 256
success 257
success 258
success 259
success 260
success 261
success 262
success 263
success 264
success 265
success 266
success 267
success 268
success 269
success 270
success 271
success 272
success 273
success 274
success 275
success 276
success 277
success 278
success 279
success 280
success 281
success 282
success 283
success 284
success 285
success 286
success 287
success 288
success 289
success 290
success 291
success 292
success 293
success 294
success 295
success 296
success 297
success 298
success 299
success 300
success 301
success 302
success 303
success 304
success 305
success 306
success 307
success 308
success 309
success 310
success 311
success 312
success 313
success 314
success 315
success 316
success 317
success 318
success 319
success 320
success 321
success 322
success 323
success 324
success 325
success 326
success 327
success 328
success 329
success 330
success 331
success 332
success 333
success 334
success 335
success 336
success 337
success 338
success 339
success 340
success 341
success 342
success 343
success 344
success 345
success 346
success 347
success 348
success 349
success 350
success 351
success 352
success 353
success 354
success 355
success 356
success 357
success 358
success 359
success 360
success 361
success 362
success 363
success 364
success 365
success 366
success 367
success 368
success 369
success 370
success 371
success 372
success 373
success 374
success 375
success 376
success 377
success 378
success 379
success 380
success 381
success 382
success 383
success 384
success 385
success 386
success 387
success
0
myround 100 end,g_count 99876864
1
myround 100 end,g_count 99876864
2
myround 100 end,g_count 99876864
3
myround 100 end,g_count 99876864
4
myround 100 end,g_count 99876864
5
myround 100 end,g_count 99876864
6
myround 100 end,g_count 99876864
7
myround 100 end,g_count 99876864
8
myround 100 end,g_count 99876864
9
myround 100 end,g_count 99876864
10
myround 100 end,g_count 99876864
11
myround 100 end,g_count 99876864
12
myround 100 end,g_count 99876864
13
myround 100 end,g_count 99876864
14
myround 100 end,g_count 99876864
15
myround 100 end,g_count 99876864
16
myround 100 end,g_count 99876864
17
myround 100 end,g_count 99876864
18
myround 100 end,g_count 99876864
19
myround 100 end,g_count 99876864
20
myround 100 end,g_count 99876864
21
myround 100 end,g_count 99876864
22
myround 100 end,g_count 99876864
23
myround 100 end,g_count 99876864
24
25
myround 100 end,g_count 99876864
26
myround 100 end,g_count 99876864
27
myround 100 end,g_count 99876864
28
myround 100 end,g_count 99876864
29
myround 100 end,g_count 99876864
30
myround 100 end,g_count 99876864
31
myround 100 end,g_count 99876864
32
myround 100 end,g_count 99876864
33
myround 100 end,g_count 99876864
34
myround 100 end,g_count 99876864
35
myround 100 end,g_count 99876864
36
myround 100 end,g_count 99876864
37
myround 100 end,g_count 99876864
38
myround 100 end,g_count 99876864
39
myround 100 end,g_count 99876864
40
myround 100 end,g_count 99876864
41
myround 100 end,g_count 99876864
42
myround 100 end,g_count 99876864
43
myround 100 end,g_count 99876864
44
myround 100 end,g_count 99876864
45
myround 100 end,g_count 99876864
46
myround 100 end,g_count 99876864
47
myround 100 end,g_count 99876864
48
myround 100 end,g_count 99876864
49
50
myround 100 end,g_count 99876864
51
myround 100 end,g_count 99876864
52
myround 100 end,g_count 99876864
53
myround 100 end,g_count 99876864
54
myround 100 end,g_count 99876864
55
myround 100 end,g_count 99876864
56
myround 100 end,g_count 99876864
57
myround 100 end,g_count 99876864
58
myround 100 end,g_count 99876864
59
myround 100 end,g_count 99876864
60
myround 100 end,g_count 99876864
61
myround 100 end,g_count 99876864
62
myround 100 end,g_count 99876864
63
myround 100 end,g_count 99876864
64
myround 100 end,g_count 99876864
65
myround 100 end,g_count 99876864
66
myround 100 end,g_count 99876864
67
myround 100 end,g_count 99876864
68
myround 100 end,g_count 99876864
69
myround 100 end,g_count 99876864
70
myround 100 end,g_count 99876864
71
myround 100 end,g_count 99876864
72
myround 100 end,g_count 99876864
73
myround 100 end,g_count 99876864
74
myround 100 end,g_count 99876864
75
76
myround 100 end,g_count 99876864
77
myround 100 end,g_count 99876864
78
myround 100 end,g_count 99876864
79
myround 100 end,g_count 99876864
80
myround 100 end,g_count 99876864
81
myround 100 end,g_count 99876864
82
myround 100 end,g_count 99876864
83
myround 100 end,g_count 99876864
84
myround 100 end,g_count 99876864
85
myround 100 end,g_count 99876864
86
myround 100 end,g_count 99876864
87
myround 100 end,g_count 99876864
88
myround 100 end,g_count 99876864
89
myround 100 end,g_count 99876864
90
myround 100 end,g_count 99876864
91
myround 100 end,g_count 99876864
92
myround 100 end,g_count 99876864
93
myround 100 end,g_count 99876864
94
myround 100 end,g_count 99876864
95
myround 100 end,g_count 99876864
96
myround 100 end,g_count 99876864
97
myround 100 end,g_count 99876864
98
myround 100 end,g_count 99876864
24400
99
success
success
port num 0 send bytes:870600193 recv bytes:1070279321
port num 1 send bytes:872266839 recv bytes:1072333455
port num 2 send bytes:873499600 recv bytes:1073853160
port num 3 send bytes:871021378 recv bytes:1070803386
port num 4 send bytes:868872210 recv bytes:1068159258
port num 5 send bytes:873609600 recv bytes:1073983504
port num 6 send bytes:874196845 recv bytes:1074701501
port num 7 send bytes:872376462 recv bytes:1072469238
port num 8 send bytes:871804993 recv bytes:1071757433
port num 9 send bytes:870896475 recv bytes:1070648003
port num 10 send bytes:872229859 recv bytes:1072287571
port num 11 send bytes:871719198 recv bytes:1071657438
port num 12 send bytes:868930918 recv bytes:1068228878
port num 13 send bytes:870350382 recv bytes:1069972918
port num 14 send bytes:874905854 recv bytes:1075570286
port num 15 send bytes:872779366 recv bytes:1072960934
port num 16 send bytes:871654530 recv bytes:1071573434
port num 17 send bytes:871446960 recv bytes:1071314808
port num 18 send bytes:871747736 recv bytes:1071693512
port num 19 send bytes:870290820 recv bytes:1069904956
port num 20 send bytes:871942997 recv bytes:1071938333
port num 21 send bytes:872884067 recv bytes:1073091027
port num 22 send bytes:874005036 recv bytes:1074468596
port num 23 send bytes:873472963 recv bytes:1073808355
port num 24 send bytes:872645234 recv bytes:1072788866
port num 25 send bytes:870518307 recv bytes:1070183451
port num 26 send bytes:872236611 recv bytes:1072298043
port num 27 send bytes:868705585 recv bytes:1067956809
port num 28 send bytes:871098146 recv bytes:1070887906
port num 29 send bytes:870638278 recv bytes:1070327830
port num 30 send bytes:873149764 recv bytes:1073429708
port num 31 send bytes:871018950 recv bytes:1070788366
port num 32 send bytes:871482446 recv bytes:1071366238
port num 33 send bytes:871075414 recv bytes:1070867134
port num 34 send bytes:874293233 recv bytes:1074817233
port num 35 send bytes:873643419 recv bytes:1074020675
port num 36 send bytes:872530529 recv bytes:1072658209
port num 37 send bytes:870889644 recv bytes:1070633868
port num 38 send bytes:872946385 recv bytes:1073168497
port num 39 send bytes:872797915 recv bytes:1072983891
port num 40 send bytes:871409765 recv bytes:1071278149
port num 41 send bytes:872594524 recv bytes:1072742708
port num 42 send bytes:870502366 recv bytes:1070161190
port num 43 send bytes:869513705 recv bytes:1068945889
port num 44 send bytes:873710184 recv bytes:1074104736
port num 45 send bytes:869611721 recv bytes:1069064137
port num 46 send bytes:869519796 recv bytes:1068959172
port num 47 send bytes:869122385 recv bytes:1068463129
port num 48 send bytes:871624155 recv bytes:1071544915
port num 49 send bytes:867390106 recv bytes:1066339234
port num 50 send bytes:869816693 recv bytes:1069318197
port num 51 send bytes:870355057 recv bytes:1069984457
port num 52 send bytes:871618076 recv bytes:1071523772
port num 53 send bytes:869193281 recv bytes:1068556569
port num 54 send bytes:870237169 recv bytes:1069832281
port num 55 send bytes:870283630 recv bytes:1069890054
port num 56 send bytes:874168667 recv bytes:1074660595
port num 57 send bytes:870773298 recv bytes:1070501386
port num 58 send bytes:870489928 recv bytes:1070150168
port num 59 send bytes:871402798 recv bytes:1071259046
port num 60 send bytes:871707169 recv bytes:1071650137
port num 61 send bytes:868311337 recv bytes:1067463881
port num 62 send bytes:875409874 recv bytes:1076193458
port num 63 send bytes:870526612 recv bytes:1070184332
port num 64 send bytes:873895835 recv bytes:1074332731
port num 65 send bytes:872828873 recv bytes:1073016721
port num 66 send bytes:874285368 recv bytes:1074815064
port num 67 send bytes:869017597 recv bytes:1068333101
port num 68 send bytes:873845339 recv bytes:1074271843
port num 69 send bytes:871089690 recv bytes:1070885354
port num 70 send bytes:872461155 recv bytes:1072567475
port num 71 send bytes:872906165 recv bytes:1073112501
port num 72 send bytes:872418373 recv bytes:1072516709
port num 73 send bytes:872058835 recv bytes:1072073963
port num 74 send bytes:871706244 recv bytes:1071648212
port num 75 send bytes:871205154 recv bytes:1071025626
port num 76 send bytes:870952711 recv bytes:1070717647
port num 77 send bytes:871546058 recv bytes:1071447130
port num 78 send bytes:870848435 recv bytes:1070579651
port num 79 send bytes:872839130 recv bytes:1073031098
port num 80 send bytes:870466042 recv bytes:1070119442
port num 81 send bytes:871787100 recv bytes:1071751972
port num 82 send bytes:872931159 recv bytes:1073151375
port num 83 send bytes:868741168 recv bytes:1068002520
port num 84 send bytes:870711552 recv bytes:1070413920
port num 85 send bytes:871954932 recv bytes:1071945756
port num 86 send bytes:868346088 recv bytes:1067509672
port num 87 send bytes:874774627 recv bytes:1075417595
port num 88 send bytes:873154247 recv bytes:1073415911
port num 89 send bytes:872840118 recv bytes:1073033190
port num 90 send bytes:874591810 recv bytes:1075188426
port num 91 send bytes:869817699 recv bytes:1069323931
port num 92 send bytes:871694953 recv bytes:1071622225
port num 93 send bytes:870686819 recv bytes:1070388435
port num 94 send bytes:871761285 recv bytes:1071713589
port num 95 send bytes:872559183 recv bytes:1072688511
port num 96 send bytes:869650844 recv bytes:1069117036
port num 97 send bytes:871408915 recv bytes:1071273475
port num 98 send bytes:872857435 recv bytes:1073058891
port num 99 send bytes:872399806 recv bytes:1072497246
port num 100 send bytes:875756792 recv bytes:1076618640
port num 101 send bytes:872337462 recv bytes:1072414750
port num 102 send bytes:868774834 recv bytes:1068038210
port num 103 send bytes:871053258 recv bytes:1070841738
port num 104 send bytes:873805500 recv bytes:1074218028
port num 105 send bytes:873696044 recv bytes:1074092628
port num 106 send bytes:869540442 recv bytes:1068973978
port num 107 send bytes:872162334 recv bytes:1072201990
port num 108 send bytes:871140746 recv bytes:1070953354
port num 109 send bytes:873469925 recv bytes:1073805445
port num 110 send bytes:871068315 recv bytes:1070858091
port num 111 send bytes:868636579 recv bytes:1067874803
port num 112 send bytes:869431142 recv bytes:1068841398
port num 113 send bytes:868722731 recv bytes:1067971619
port num 114 send bytes:870275378 recv bytes:1069884338
port num 115 send bytes:871808587 recv bytes:1071769171
port num 116 send bytes:870948307 recv bytes:1070717011
port num 117 send bytes:873554128 recv bytes:1073913496
port num 118 send bytes:871092836 recv bytes:1070888228
port num 119 send bytes:867675936 recv bytes:1066677624
port num 120 send bytes:868418353 recv bytes:1067602225
port num 121 send bytes:873463316 recv bytes:1073801572
port num 122 send bytes:871701872 recv bytes:1071639704
port num 123 send bytes:871775021 recv bytes:1071729725
port num 124 send bytes:872857052 recv bytes:1073059692
port num 125 send bytes:873180082 recv bytes:1073455490
port num 126 send bytes:872490471 recv bytes:1072607567
port num 127 send bytes:874872453 recv bytes:1075533405
port num 128 send bytes:869585916 recv bytes:1069032196
port num 129 send bytes:871348744 recv bytes:1071204024
port num 130 send bytes:870221607 recv bytes:1069815135
port num 131 send bytes:871683190 recv bytes:1071615990
port num 132 send bytes:869174076 recv bytes:1068525140
port num 133 send bytes:870234941 recv bytes:1069837837
port num 134 send bytes:869786004 recv bytes:1069278380
port num 135 send bytes:869538243 recv bytes:1068977483
port num 136 send bytes:871302135 recv bytes:1071143479
port num 137 send bytes:868615057 recv bytes:1067842033
port num 138 send bytes:869851599 recv bytes:1069359015
port num 139 send bytes:873963386 recv bytes:1074416778
port num 140 send bytes:870401358 recv bytes:1070038030
port num 141 send bytes:872182182 recv bytes:1072225942
port num 142 send bytes:873003299 recv bytes:1073235827
port num 143 send bytes:871614231 recv bytes:1071528879
port num 144 send bytes:873451086 recv bytes:1073782150
port num 145 send bytes:870689896 recv bytes:1070391080
port num 146 send bytes:871222675 recv bytes:1071048123
port num 147 send bytes:872059483 recv bytes:1072075075
port num 148 send bytes:869582620 recv bytes:1069029460
port num 149 send bytes:869585788 recv bytes:1069021740
port num 150 send bytes:869189666 recv bytes:1068545410
port num 151 send bytes:871299714 recv bytes:1071135930
port num 152 send bytes:872091441 recv bytes:1072110257
port num 153 send bytes:871083205 recv bytes:1070877637
port num 154 send bytes:869148804 recv bytes:1068496996
port num 155 send bytes:871918219 recv bytes:1071895115
port num 156 send bytes:868649145 recv bytes:1067882953
port num 157 send bytes:873032917 recv bytes:1073269661
port num 158 send bytes:871121073 recv bytes:1070929681
port num 159 send bytes:874393830 recv bytes:1074941046
port num 160 send bytes:870530438 recv bytes:1070191926
port num 161 send bytes:869239777 recv bytes:1068613497
port num 162 send bytes:869308597 recv bytes:1068700293
port num 163 send bytes:872067629 recv bytes:1072087565
port num 164 send bytes:873619364 recv bytes:1073995292
port num 165 send bytes:871277636 recv bytes:1071117932
port num 166 send bytes:871028009 recv bytes:1070804977
port num 167 send bytes:871416448 recv bytes:1071283560
port num 168 send bytes:868264783 recv bytes:1067411631
port num 169 send bytes:867951264 recv bytes:1067033816
port num 170 send bytes:871447055 recv bytes:1071328823
port num 171 send bytes:870585565 recv bytes:1070262917
port num 172 send bytes:873388464 recv bytes:1073709216
port num 173 send bytes:872002342 recv bytes:1072006814
port num 174 send bytes:869416268 recv bytes:1068816004
port num 175 send bytes:870928815 recv bytes:1070680719
port num 176 send bytes:871274509 recv bytes:1071112805
port num 177 send bytes:873830925 recv bytes:1074249589
port num 178 send bytes:874835625 recv bytes:1075492129
port num 179 send bytes:872726638 recv bytes:1072892558
port num 180 send bytes:870556301 recv bytes:1070233085
port num 181 send bytes:872011286 recv bytes:1072015070
port num 182 send bytes:875888564 recv bytes:1076781948
port num 183 send bytes:871633022 recv bytes:1071550262
port num 184 send bytes:872886916 recv bytes:1073091612
port num 185 send bytes:868663889 recv bytes:1067902361
port num 186 send bytes:871692270 recv bytes:1071630038
port num 187 send bytes:871295421 recv bytes:1071131997
port num 188 send bytes:874349340 recv bytes:1074882028
port num 189 send bytes:873987169 recv bytes:1074454641
port num 190 send bytes:868509761 recv bytes:1067716265
port num 191 send bytes:871910962 recv bytes:1071889010
port num 192 send bytes:873872373 recv bytes:1074306733
port num 193 send bytes:871777804 recv bytes:1071726452
port num 194 send bytes:873534059 recv bytes:1073888467
port num 195 send bytes:869318297 recv bytes:1068704713
port num 196 send bytes:872065124 recv bytes:1072092084
port num 197 send bytes:871739022 recv bytes:1071682894
port num 198 send bytes:869213427 recv bytes:1068583259
port num 199 send bytes:870991592 recv bytes:1070763504
port num 200 send bytes:869845518 recv bytes:1069353254
port num 201 send bytes:870666995 recv bytes:1070362523
port num 202 send bytes:872668089 recv bytes:1072816553
port num 203 send bytes:871896557 recv bytes:1071872989
port num 204 send bytes:872511181 recv bytes:1072630605
port num 205 send bytes:869100528 recv bytes:1068436704
port num 206 send bytes:870767686 recv bytes:1070483342
port num 207 send bytes:869068930 recv bytes:1068401650
port num 208 send bytes:876533182 recv bytes:1077575286
port num 209 send bytes:869853012 recv bytes:1069359676
port num 210 send bytes:872064836 recv bytes:1072078996
port num 211 send bytes:868408065 recv bytes:1067587441
port num 212 send bytes:874019293 recv bytes:1074482853
port num 213 send bytes:873610307 recv bytes:1073987115
port num 214 send bytes:870072471 recv bytes:1069640207
port num 215 send bytes:872452282 recv bytes:1072559722
port num 216 send bytes:872269655 recv bytes:1072333639
port num 217 send bytes:871272406 recv bytes:1071114174
port num 218 send bytes:870337670 recv bytes:1069966070
port num 219 send bytes:871477455 recv bytes:1071356223
port num 220 send bytes:873165220 recv bytes:1073432084
port num 221 send bytes:873383527 recv bytes:1073697279
port num 222 send bytes:869483593 recv bytes:1068903433
port num 223 send bytes:871944788 recv bytes:1071938716
port num 224 send bytes:868814006 recv bytes:1068090390
port num 225 send bytes:872052645 recv bytes:1072069133
port num 226 send bytes:868890447 recv bytes:1068182743
port num 227 send bytes:872556618 recv bytes:1072693746
port num 228 send bytes:873131982 recv bytes:1073386766
port num 229 send bytes:867728357 recv bytes:1066750061
port num 230 send bytes:872354753 recv bytes:1072440545
port num 231 send bytes:871310704 recv bytes:1071156920
port num 232 send bytes:873891441 recv bytes:1074325441
port num 233 send bytes:869141823 recv bytes:1068486599
port num 234 send bytes:870435847 recv bytes:1070081279
port num 235 send bytes:870400701 recv bytes:1070036101
port num 236 send bytes:874250755 recv bytes:1074772771
port num 237 send bytes:871727193 recv bytes:1071665337
port num 238 send bytes:872068506 recv bytes:1072090546
port num 239 send bytes:870194557 recv bytes:1069786437
port num 240 send bytes:871418119 recv bytes:1071283367
port num 241 send bytes:874536108 recv bytes:1075123412
port num 242 send bytes:873962805 recv bytes:1074417973
port num 243 send bytes:872877982 recv bytes:1073085110
port num 244 send bytes:871283883 recv bytes:1071127323
port num 245 send bytes:873163836 recv bytes:1073426060
port num 246 send bytes:871619132 recv bytes:1071530396
port num 247 send bytes:872966739 recv bytes:1073194075
port num 248 send bytes:869545449 recv bytes:1068987201
port num 249 send bytes:870929861 recv bytes:1070683973
port num 250 send bytes:868651219 recv bytes:1067884699
port num 251 send bytes:871710608 recv bytes:1071647432
port num 252 send bytes:871541969 recv bytes:1071436129
port num 253 send bytes:871001688 recv bytes:1070775968
port num 254 send bytes:870875004 recv bytes:1070623820
port num 255 send bytes:872518931 recv bytes:1072637627
port num 256 send bytes:872215456 recv bytes:1072260248
port num 257 send bytes:871203881 recv bytes:1071027089
port num 258 send bytes:873269737 recv bytes:1073562089
port num 259 send bytes:872415697 recv bytes:1072510609
port num 260 send bytes:872224215 recv bytes:1072276415
port num 261 send bytes:873392175 recv bytes:1073713719
port num 262 send bytes:870838740 recv bytes:1070579004
port num 263 send bytes:870109557 recv bytes:1069684941
port num 264 send bytes:870990337 recv bytes:1070762689
port num 265 send bytes:870824987 recv bytes:1070548259
port num 266 send bytes:871616341 recv bytes:1071531197
port num 267 send bytes:872108866 recv bytes:1072135770
port num 268 send bytes:870674458 recv bytes:1070375242
port num 269 send bytes:873148971 recv bytes:1073410171
port num 270 send bytes:871934235 recv bytes:1071915987
port num 271 send bytes:870494785 recv bytes:1070148625
port num 272 send bytes:870611207 recv bytes:1070290383
port num 273 send bytes:874524963 recv bytes:1075107923
port num 274 send bytes:871286256 recv bytes:1071125480
port num 275 send bytes:871475861 recv bytes:1071363405
port num 276 send bytes:870414040 recv bytes:1070052904
port num 277 send bytes:872110685 recv bytes:1072135421
port num 278 send bytes:870295049 recv bytes:1069896265
port num 279 send bytes:872697374 recv bytes:1072863630
port num 280 send bytes:870381829 recv bytes:1070014461
port num 281 send bytes:866067946 recv bytes:1064716026
port num 282 send bytes:873200364 recv bytes:1073474180
port num 283 send bytes:871024323 recv bytes:1070805019
port num 284 send bytes:870458184 recv bytes:1070104008
port num 285 send bytes:873775661 recv bytes:1074189453
port num 286 send bytes:871060121 recv bytes:1070851353
port num 287 send bytes:869847050 recv bytes:1069351354
port num 288 send bytes:872392082 recv bytes:1072480970
port num 289 send bytes:871920755 recv bytes:1071903371
port num 290 send bytes:871106717 recv bytes:1070901893
port num 291 send bytes:870868769 recv bytes:1070615337
port num 292 send bytes:867667048 recv bytes:1066678200
port num 293 send bytes:869093890 recv bytes:1068432402
port num 294 send bytes:870865462 recv bytes:1070611254
port num 295 send bytes:873463324 recv bytes:1073810396
port num 296 send bytes:872540847 recv bytes:1072666207
port num 297 send bytes:871431658 recv bytes:1071307258
port num 298 send bytes:873852151 recv bytes:1074284927
port num 299 send bytes:873193139 recv bytes:1073468283
port num 300 send bytes:868949543 recv bytes:1068246447
port num 301 send bytes:873029976 recv bytes:1073276592
port num 302 send bytes:873002463 recv bytes:1073235527
port num 303 send bytes:868231709 recv bytes:1067361965
port num 304 send bytes:870255699 recv bytes:1069869819
port num 305 send bytes:870025008 recv bytes:1069574840
port num 306 send bytes:870642461 recv bytes:1070333125
port num 307 send bytes:870809199 recv bytes:1070542551
port num 308 send bytes:871871362 recv bytes:1071846586
port num 309 send bytes:873981422 recv bytes:1074436422
port num 310 send bytes:871946241 recv bytes:1071938457
port num 311 send bytes:872126010 recv bytes:1072162234
port num 312 send bytes:867881040 recv bytes:1066938264
port num 313 send bytes:869240331 recv bytes:1068615107
port num 314 send bytes:870933624 recv bytes:1070690576
port num 315 send bytes:874972031 recv bytes:1075658943
port num 316 send bytes:870707911 recv bytes:1070411215
port num 317 send bytes:871709666 recv bytes:1071645074
port num 318 send bytes:869332374 recv bytes:1068717310
port num 319 send bytes:869539546 recv bytes:1068988562
port num 320 send bytes:868263206 recv bytes:1067407542
port num 321 send bytes:871189397 recv bytes:1070998333
port num 322 send bytes:870251634 recv bytes:1069856578
port num 323 send bytes:872358480 recv bytes:1072442776
port num 324 send bytes:872674177 recv bytes:1072824993
port num 325 send bytes:872945695 recv bytes:1073162983
port num 326 send bytes:869203350 recv bytes:1068561798
port num 327 send bytes:871013668 recv bytes:1070787804
port num 328 send bytes:870356809 recv bytes:1069987129
port num 329 send bytes:869070923 recv bytes:1068395899
port num 330 send bytes:870743931 recv bytes:1070452979
port num 331 send bytes:872939270 recv bytes:1073157454
port num 332 send bytes:871816543 recv bytes:1071778783
port num 333 send bytes:873490272 recv bytes:1073837896
port num 334 send bytes:872536781 recv bytes:1072662829
port num 335 send bytes:874260909 recv bytes:1074780997
port num 336 send bytes:871313244 recv bytes:1071161868
port num 337 send bytes:871954602 recv bytes:1071944466
port num 338 send bytes:870927482 recv bytes:1070686298
port num 339 send bytes:869444684 recv bytes:1068862700
port num 340 send bytes:871629706 recv bytes:1071543482
port num 341 send bytes:871616131 recv bytes:1071533723
port num 342 send bytes:869590272 recv bytes:1069033656
port num 343 send bytes:871052054 recv bytes:1070840302
port num 344 send bytes:869505936 recv bytes:1068945216
port num 345 send bytes:872234241 recv bytes:1072290489
port num 346 send bytes:867505879 recv bytes:1066476143
port num 347 send bytes:872444827 recv bytes:1072551539
port num 348 send bytes:872218759 recv bytes:1072266047
port num 349 send bytes:868050057 recv bytes:1067141937
port num 350 send bytes:872780986 recv bytes:1072963794
port num 351 send bytes:870357081 recv bytes:1069981929
port num 352 send bytes:868992111 recv bytes:1068301863
port num 353 send bytes:869260446 recv bytes:1068628230
port num 354 send bytes:873109929 recv bytes:1073372617
port num 355 send bytes:872727717 recv bytes:1072902565
port num 356 send bytes:871160466 recv bytes:1070969970
port num 357 send bytes:873211574 recv bytes:1073494846
port num 358 send bytes:870717275 recv bytes:1070420803
port num 359 send bytes:869638022 recv bytes:1069106558
port num 360 send bytes:872753093 recv bytes:1072926125
port num 361 send bytes:873779501 recv bytes:1074182797
port num 362 send bytes:869768262 recv bytes:1069264398
port num 363 send bytes:873261525 recv bytes:1073553237
port num 364 send bytes:875382078 recv bytes:1076160574
port num 365 send bytes:873179170 recv bytes:1073452746
port num 366 send bytes:868873860 recv bytes:1068162036
port num 367 send bytes:871702106 recv bytes:1071630866
port num 368 send bytes:872362065 recv bytes:1072456249
port num 369 send bytes:873177162 recv bytes:1073448578
port num 370 send bytes:871368749 recv bytes:1071228173
port num 371 send bytes:872430294 recv bytes:1072527918
port num 372 send bytes:870953029 recv bytes:1070708869
port num 373 send bytes:869164093 recv bytes:1068514173
port num 374 send bytes:870640712 recv bytes:1070337304
port num 375 send bytes:870623518 recv bytes:1070308654
port num 376 send bytes:869718669 recv bytes:1069199941
port num 377 send bytes:871454833 recv bytes:1071324409
port num 378 send bytes:872916368 recv bytes:1073128144
port num 379 send bytes:871115881 recv bytes:1070918801
port num 380 send bytes:873831826 recv bytes:1074252770
port num 381 send bytes:871991567 recv bytes:1071995359
port num 382 send bytes:872325000 recv bytes:1072407336
port num 383 send bytes:871645515 recv bytes:1071561883

 ** average runtime : 471324857
