worker : 384	port num : 384
kv_num : 100000000
data size : 4GB
port base : 8033
count:100000000
100000000 100000000
success 3
success 4
success 5
success 6
success 7
success 8
success 9
success 10
success 11
success 12
success 13
success 14
success 15
success 16
success 17
success 18
success 19
success 20
success 21
success 22
success 23
success 24
success 25
success 26
success 27
success 28
success 29
success 30
success 31
success 32
success 33
success 34
success 35
success 36
success 37
success 38
success 39
success 40
success 41
success 42
success 43
success 44
success 45
success 46
success 47
success 48
success 49
success 50
success 51
success 52
success 53
success 54
success 55
success 56
success 57
success 58
success 59
success 60
success 61
success 62
success 63
success 64
success 65
success 66
success 67
success 68
success 69
success 70
success 71
success 72
success 73
success 74
success 75
success 76
success 77
success 78
success 79
success 80
success 81
success 82
success 83
success 84
success 85
success 86
success 87
success 88
success 89
success 90
success 91
success 92
success 93
success 94
success 95
success 96
success 97
success 98
success 99
success 100
success 101
success 102
success 103
success 104
success 105
success 106
success 107
success 108
success 109
success 110
success 111
success 112
success 113
success 114
success 115
success 116
success 117
success 118
success 119
success 120
success 121
success 122
success 123
success 124
success 125
success 126
success 127
success 128
success 129
success 130
success 131
success 132
success 133
success 134
success 135
success 136
success 137
success 138
success 139
success 140
success 141
success 142
success 143
success 144
success 145
success 146
success 147
success 148
success 149
success 150
success 151
success 152
success 153
success 154
success 155
success 156
success 157
success 158
success 159
success 160
success 161
success 162
success 163
success 164
success 165
success 166
success 167
success 168
success 169
success 170
success 171
success 172
success 173
success 174
success 175
success 176
success 177
success 178
success 179
success 180
success 181
success 182
success 183
success 184
success 185
success 186
success 187
success 188
success 189
success 190
success 191
success 192
success 193
success 194
success 195
success 196
success 197
success 198
success 199
success 200
success 201
success 202
success 203
success 204
success 205
success 206
success 207
success 208
success 209
success 210
success 211
success 212
success 213
success 214
success 215
success 216
success 217
success 218
success 219
success 220
success 221
success 222
success 223
success 224
success 225
success 226
success 227
success 228
success 229
success 230
success 231
success 232
success 233
success 234
success 235
success 236
success 237
success 238
success 239
success 240
success 241
success 242
success 243
success 244
success 245
success 246
success 247
success 248
success 249
success 250
success 251
success 252
success 253
success 254
success 255
success 256
success 257
success 258
success 259
success 260
success 261
success 262
success 263
success 264
success 265
success 266
success 267
success 268
success 269
success 270
success 271
success 272
success 273
success 274
success 275
success 276
success 277
success 278
success 279
success 280
success 281
success 282
success 283
success 284
success 285
success 286
success 287
success 288
success 289
success 290
success 291
success 292
success 293
success 294
success 295
success 296
success 297
success 298
success 299
success 300
success 301
success 302
success 303
success 304
success 305
success 306
success 307
success 308
success 309
success 310
success 311
success 312
success 313
success 314
success 315
success 316
success 317
success 318
success 319
success 320
success 321
success 322
success 323
success 324
success 325
success 326
success 327
success 328
success 329
success 330
success 331
success 332
success 333
success 334
success 335
success 336
success 337
success 338
success 339
success 340
success 341
success 342
success 343
success 344
success 345
success 346
success 347
success 348
success 349
success 350
success 351
success 352
success 353
success 354
success 355
success 356
success 357
success 358
success 359
success 360
success 361
success 362
success 363
success 364
success 365
success 366
success 367
success 368
success 369
success 370
success 371
success 372
success 373
success 374
success 375
success 376
success 377
success 378
success 379
success 380
success 381
success 382
success 383
success 384
success 385
success 386
begin
begin
begin
begin
begin
begin
begin
begin
begin
begin
begin
begin
begin
begin
begin
begin
begin
begin
begin
begin
begin
begin
begin
begin
begin
begin
begin
begin
begin
begin
begin
begin
begin
begin
begin
begin
begin
begin
begin
begin
begin
begin
begin
begin
begin
begin
begin
begin
begin
begin
begin
begin
begin
begin
begin
begin
begin
begin
begin
begin
begin
begin
begin
begin
begin
begin
begin
begin
begin
begin
begin
begin
begin
begin
begin
begin
begin
begin
begin
begin
begin
begin
begin
begin
begin
begin
begin
begin
begin
begin
begin
begin
begin
begin
begin
begin
begin
begin
begin
begin
begin
begin
begin
begin
begin
begin
begin
begin
begin
begin
begin
begin
begin
begin
begin
begin
begin
begin
begin
begin
begin
begin
begin
begin
begin
begin
begin
begin
begin
begin
begin
begin
begin
begin
begin
begin
begin
begin
begin
begin
begin
begin
begin
begin
begin
begin
begin
begin
begin
begin
begin
begin
begin
begin
begin
begin
begin
begin
begin
begin
begin
begin
begin
begin
begin
begin
begin
begin
begin
begin
begin
begin
begin
begin
begin
begin
begin
begin
begin
begin
begin
begin
begin
begin
begin
begin
begin
begin
begin
begin
begin
begin
begin
begin
begin
begin
begin
begin
begin
begin
begin
begin
begin
begin
begin
begin
begin
begin
begin
begin
begin
begin
begin
begin
begin
begin
begin
begin
begin
begin
begin
begin
begin
begin
begin
begin
begin
begin
begin
begin
begin
begin
begin
begin
begin
begin
begin
begin
begin
begin
begin
begin
begin
begin
begin
begin
begin
begin
begin
begin
begin
begin
begin
begin
begin
begin
begin
begin
begin
begin
begin
begin
begin
begin
begin
begin
begin
begin
begin
begin
begin
begin
begin
begin
begin
begin
begin
begin
begin
begin
begin
begin
begin
begin
begin
begin
begin
begin
begin
begin
begin
begin
begin
begin
begin
begin
begin
begin
begin
begin
begin
begin
begin
begin
begin
begin
begin
begin
begin
begin
begin
begin
begin
begin
begin
begin
begin
begin
begin
begin
begin
begin
begin
begin
begin
begin
begin
begin
begin
begin
begin
begin
begin
begin
begin
begin
begin
begin
begin
begin
begin
begin
begin
begin
begin
begin
begin
begin
begin
begin
begin
begin
begin
begin
begin
begin
begin
begin
begin
begin
begin
begin
begin
begin
begin
begin
begin
begin
begin
begin
begin
begin
begin
begin
begin
begin
begin
begin
begin
begin
begin
begin
success
begin
begin
start:384
stop: 384
start:768
stop: 768
start:1152
stop: 1152
start:1536
stop: 1536
start:1920
stop: 1920
start:2304
stop: 2304
start:2688
stop: 2688
start:3072
stop: 3072
start:3456
stop: 3456
start:3840
stop: 3840
start:4224
stop: 4224
start:4608
stop: 4608
start:4992
stop: 4992
start:5376
stop: 5376
start:5760
stop: 5760
start:6144
stop: 6144
start:6528
stop: 6528
start:6912
stop: 6912
start:7296
stop: 7296
start:7680
stop: 7680
start:8064
stop: 8064
start:8448
stop: 8448
start:8832
stop: 8832
start:9216
stop: 9216
start:9600
stop: 9600
start:9984
stop: 9984
start:10368
stop: 10368
start:10752
stop: 10752
start:11136
stop: 11136
start:11520
stop: 11520
start:11904
stop: 11904
start:12288
stop: 12288
start:12672
stop: 12672
start:13056
stop: 13056
start:13440
stop: 13440
start:13824
stop: 13824
start:14208
stop: 14208
start:14592
stop: 14592
start:14976
stop: 14976
start:15360
stop: 15360
start:15744
stop: 15744
start:16128
stop: 16128
start:16512
stop: 16512
start:16896
stop: 16896
start:17280
stop: 17280
start:17664
stop: 17664
start:18048
stop: 18048
start:18432
stop: 18432
start:18816
stop: 18816
start:19200
stop: 19200
start:19584
stop: 19584
start:19968
stop: 19968
start:20352
stop: 20352
start:20736
stop: 20736
start:21120
stop: 21120
start:21504
stop: 21504
start:21888
stop: 21888
start:22272
stop: 22272
start:22656
stop: 22656
start:23040
stop: 23040
start:23424
stop: 23424
start:23808
stop: 23808
start:24192
stop: 24192
start:24576
stop: 24576
start:24960
stop: 24960
start:25344
stop: 25344
start:25728
stop: 25728
start:26112
stop: 26112
start:26496
stop: 26496
start:26880
stop: 26880
start:27264
stop: 27264
start:27648
stop: 27648
start:28032
stop: 28032
start:28416
stop: 28416
start:28800
stop: 28800
start:29184
stop: 29184
start:29568
stop: 29568
start:29952
stop: 29952
start:30336
stop: 30336
start:30720
stop: 30720
start:31104
stop: 31104
start:31488
stop: 31488
start:31872
stop: 31872
start:32256
stop: 32256
start:32640
stop: 32640
start:33024
stop: 33024
start:33408
stop: 33408
start:33792
stop: 33792
start:34176
stop: 34176
start:34560
stop: 34560
start:34944
stop: 34944
start:35328
stop: 35328
start:35712
stop: 35712
start:36096
stop: 36096
start:36480
stop: 36480
start:36864
stop: 36864
start:37248
stop: 37248
start:37632
stop: 37632
start:38016
stop: 38016
start:38400
stop: 38400
start:38784
stop: 38784
start:39168
stop: 39168
start:39552
stop: 39552
start:39936
stop: 39936
start:40320
stop: 40320
start:40704
stop: 40704
start:41088
stop: 41088
start:41472
stop: 41472
start:41856
stop: 41856
start:42240
stop: 42240
start:42624
stop: 42624
start:43008
stop: 43008
start:43392
stop: 43392
start:43776
stop: 43776
start:44160
stop: 44160
start:44544
stop: 44544
start:44928
stop: 44928
start:45312
stop: 45312
start:45696
stop: 45696
start:46080
stop: 46080
start:46464
stop: 46464
start:46848
stop: 46848
start:47232
stop: 47232
start:47616
stop: 47616
start:48000
stop: 48000
start:48384
stop: 48384
start:48768
stop: 48768
start:49152
stop: 49152
start:49536
stop: 49536
start:49920
stop: 49920
start:50304
stop: 50304
start:50688
stop: 50688
start:51072
stop: 51072
start:51456
stop: 51456
start:51840
stop: 51840
start:52224
stop: 52224
start:52608
stop: 52608
start:52992
stop: 52992
start:53376
stop: 53376
start:53760
stop: 53760
start:54144
stop: 54144
start:54528
stop: 54528
start:54912
stop: 54912
start:55296
stop: 55296
start:55680
stop: 55680
start:56064
stop: 56064
start:56448
stop: 56448
start:56832
stop: 56832
start:57216
stop: 57216
start:57600
stop: 57600
start:57984
stop: 57984
start:58368
stop: 58368
start:58752
stop: 58752
start:59136
stop: 59136
start:59520
stop: 59520
start:59904
stop: 59904
start:60288
stop: 60288
start:60672
stop: 60672
start:61056
stop: 61056
start:61440
stop: 61440
start:61824
stop: 61824
start:62208
stop: 62208
start:62592
stop: 62592
start:62976
stop: 62976
start:63360
stop: 63360
start:63744
stop: 63744
start:64128
stop: 64128
start:64512
stop: 64512
start:64896
stop: 64896
start:65280
stop: 65280
start:65664
stop: 65664
start:66048
stop: 66048
start:66432
stop: 66432
start:66816
stop: 66816
start:67200
stop: 67200
start:67584
stop: 67584
start:67968
stop: 67968
start:68352
stop: 68352
start:68736
stop: 68736
start:69120
stop: 69120
start:69504
stop: 69504
start:69888
stop: 69888
start:70272
stop: 70272
start:70656
stop: 70656
start:71040
stop: 71040
start:71424
stop: 71424
start:71808
stop: 71808
start:72192
stop: 72192
start:72576
stop: 72576
start:72960
stop: 72960
start:73344
stop: 73344
start:73728
stop: 73728
start:74112
stop: 74112
start:74496
stop: 74496
start:74880
stop: 74880
start:75264
stop: 75264
start:75648
stop: 75648
start:76032
stop: 76032
start:76416
stop: 76416
start:76800
stop: 76800
start:77184
stop: 77184
start:77568
stop: 77568
start:77952
stop: 77952
start:78336
stop: 78336
start:78720
stop: 78720
start:79104
stop: 79104
start:79488
stop: 79488
start:79872
stop: 79872
start:80256
stop: 80256
start:80640
stop: 80640
start:81024
stop: 81024
start:81408
stop: 81408
start:81792
stop: 81792
start:82176
stop: 82176
start:82560
stop: 82560
start:82944
stop: 82944
start:83328
stop: 83328
start:83712
stop: 83712
start:84096
stop: 84096
start:84480
stop: 84480
start:84864
stop: 84864
start:85248
stop: 85248
start:85632
stop: 85632
start:86016
stop: 86016
start:86400
stop: 86400
start:86784
stop: 86784
start:87168
stop: 87168
start:87552
stop: 87552
start:87936
stop: 87936
start:88320
stop: 88320
start:88704
stop: 88704
start:89088
stop: 89088
start:89472
stop: 89472
start:89856
stop: 89856
start:90240
stop: 90240
start:90624
stop: 90624
start:91008
stop: 91008
start:91392
stop: 91392
start:91776
stop: 91776
start:92160
stop: 92160
start:92544
stop: 92544
start:92928
stop: 92928
start:93312
stop: 93312
start:93696
stop: 93696
start:94080
stop: 94080
start:94464
stop: 94464
start:94848
stop: 94848
start:95232
stop: 95232
start:95616
stop: 95616
start:96000
stop: 96000
start:96384
stop: 96384
start:96768
stop: 96768
start:97152
stop: 97152
start:97536
stop: 97536
start:97920
stop: 97920
start:98304
stop: 98304
start:98688
stop: 98688
start:99072
stop: 99072
start:99456
stop: 99456
start:99840
stop: 99840
start:100224
stop: 100224
start:100608
stop: 100608
start:100992
stop: 100992
start:101376
stop: 101376
start:101760
stop: 101760
start:102144
stop: 102144
start:102528
stop: 102528
start:102912
stop: 102912
start:103296
stop: 103296
start:103680
stop: 103680
start:104064
stop: 104064
start:104448
stop: 104448
start:104832
stop: 104832
start:105216
stop: 105216
start:105600
stop: 105600
start:105984
stop: 105984
start:106368
stop: 106368
start:106752
stop: 106752
start:107136
stop: 107136
start:107520
stop: 107520
start:107904
stop: 107904
start:108288
stop: 108288
start:108672
stop: 108672
start:109056
stop: 109056
start:109440
stop: 109440
start:109824
stop: 109824
start:110208
stop: 110208
start:110592
stop: 110592
start:110976
stop: 110976
start:111360
stop: 111360
start:111744
stop: 111744
start:112128
stop: 112128
start:112512
stop: 112512
start:112896
stop: 112896
start:113280
stop: 113280
start:113664
stop: 113664
start:114048
stop: 114048
start:114432
stop: 114432
start:114816
stop: 114816
start:115200
stop: 115200
start:115584
stop: 115584
start:115968
stop: 115968
start:116352
stop: 116352
start:116736
stop: 116736
start:117120
stop: 117120
start:117504
stop: 117504
start:117888
stop: 117888
start:118272
stop: 118272
start:118656
stop: 118656
start:119040
stop: 119040
start:119424
stop: 119424
start:119808
stop: 119808
start:120192
stop: 120192
start:120576
stop: 120576
start:120960
stop: 120960
start:121344
stop: 121344
start:121728
stop: 121728
start:122112
stop: 122112
start:122496
stop: 122496
start:122880
stop: 122880
start:123264
stop: 123264
start:123648
stop: 123648
start:124032
stop: 124032
start:124416
stop: 124416
start:124800
stop: 124800
start:125184
stop: 125184
start:125568
stop: 125568
start:125952
stop: 125952
start:126336
stop: 126336
start:126720
stop: 126720
start:127104
stop: 127104
start:127488
stop: 127488
start:127872
stop: 127872
start:128256
stop: 128256
start:128640
stop: 128640
start:129024
stop: 129024
start:129408
stop: 129408
start:129792
stop: 129792
start:130176
stop: 130176
start:130560
stop: 130560
start:130944
stop: 130944
start:131328
stop: 131328
start:131712
stop: 131712
start:132096
stop: 132096
start:132480
stop: 132480
start:132864
stop: 132864
start:133248
stop: 133248
start:133632
stop: 133632
start:134016
stop: 134016
start:134400
stop: 134400
start:134784
stop: 134784
start:135168
stop: 135168
start:135552
stop: 135552
start:135936
stop: 135936
start:136320
stop: 136320
start:136704
stop: 136704
start:137088
stop: 137088
start:137472
stop: 137472
start:137856
stop: 137856
start:138240
stop: 138240
start:138624
stop: 138624
start:139008
stop: 139008
start:139392
stop: 139392
start:139776
stop: 139776
start:140160
stop: 140160
start:140544
stop: 140544
start:140928
stop: 140928
start:141312
stop: 141312
start:141696
stop: 141696
start:142080
stop: 142080
start:142464
stop: 142464
start:142848
stop: 142848
start:143232
stop: 143232
start:143616
stop: 143616
start:144000
stop: 144000
start:144384
stop: 144384
start:144768
stop: 144768
start:145152
stop: 145152
start:145536
stop: 145536
start:145920
stop: 145920
start:146304
stop: 146304
start:146688
stop: 146688
start:147072
stop: 147072
start:147456
stop: 147456
start:147840
stop: 147840
start:148224
stop: 148224
start:148608
stop: 148608
start:148992
stop: 148992
start:149376
stop: 149376
start:149760
stop: 149760
start:150144
stop: 150144
start:150528
stop: 150528
start:150912
stop: 150912
start:151296
stop: 151296
start:151680
stop: 151680
start:152064
stop: 152064
start:152448
stop: 152448
start:152832
stop: 152832
start:153216
stop: 153216
start:153600
stop: 153600
start:153984
stop: 153984
start:154368
stop: 154368
start:154752
stop: 154752
start:155136
stop: 155136
start:155520
stop: 155520
start:155904
stop: 155904
start:156288
stop: 156288
start:156672
stop: 156672
start:157056
stop: 157056
start:157440
stop: 157440
start:157824
stop: 157824
start:158208
stop: 158208
start:158592
stop: 158592
start:158976
stop: 158976
start:159360
stop: 159360
start:159744
stop: 159744
start:160128
stop: 160128
start:160512
stop: 160512
start:160896
stop: 160896
start:161280
stop: 161280
start:161664
stop: 161664
start:162048
stop: 162048
start:162432
stop: 162432
start:162816
stop: 162816
start:163200
stop: 163200
start:163584
stop: 163584
start:163968
stop: 163968
start:164352
stop: 164352
start:164736
stop: 164736
start:165120
stop: 165120
start:165504
stop: 165504
start:165888
stop: 165888
start:166272
stop: 166272
start:166656
stop: 166656
start:167040
stop: 167040
start:167424
stop: 167424
start:167808
stop: 167808
start:168192
stop: 168192
start:168576
stop: 168576
start:168960
stop: 168960
start:169344
stop: 169344
start:169728
stop: 169728
start:170112
stop: 170112
start:170496
stop: 170496
start:170880
stop: 170880
start:171264
stop: 171264
start:171648
stop: 171648
start:172032
stop: 172032
start:172416
stop: 172416
start:172800
stop: 172800
start:173184
stop: 173184
start:173568
stop: 173568
start:173952
stop: 173952
start:174336
stop: 174336
start:174720
stop: 174720
start:175104
stop: 175104
start:175488
stop: 175488
start:175872
stop: 175872
start:176256
stop: 176256
start:176640
stop: 176640
start:177024
stop: 177024
start:177408
stop: 177408
start:177792
stop: 177792
start:178176
stop: 178176
start:178560
stop: 178560
start:178944
stop: 178944
start:179328
stop: 179328
start:179712
stop: 179712
start:180096
stop: 180096
start:180480
stop: 180480
start:180864
stop: 180864
start:181248
stop: 181248
start:181632
stop: 181632
start:182016
stop: 182016
start:182400
stop: 182400
start:182784
stop: 182784
start:183168
stop: 183168
start:183552
stop: 183552
start:183936
stop: 183936
start:184320
stop: 184320
start:184704
stop: 184704
start:185088
stop: 185088
start:185472
stop: 185472
start:185856
stop: 185856
start:186240
stop: 186240
start:186624
stop: 186624
start:187008
stop: 187008
start:187392
stop: 187392
start:187776
stop: 187776
start:188160
stop: 188160
start:188544
stop: 188544
start:188928
stop: 188928
start:189312
stop: 189312
start:189696
stop: 189696
start:190080
stop: 190080
start:190464
stop: 190464
start:190848
stop: 190848
start:191232
stop: 191232
start:191616
stop: 191616
start:192000
0
success
success
port num 0 send bytes:10000000 recv bytes:10000000
port num 1 send bytes:10000000 recv bytes:10000000
port num 2 send bytes:10000000 recv bytes:10000000
port num 3 send bytes:10000000 recv bytes:10000000
port num 4 send bytes:10000000 recv bytes:10000000
port num 5 send bytes:10000000 recv bytes:10000000
port num 6 send bytes:10000000 recv bytes:10000000
port num 7 send bytes:10000000 recv bytes:10000000
port num 8 send bytes:10000000 recv bytes:10000000
port num 9 send bytes:10000000 recv bytes:10000000
port num 10 send bytes:10000000 recv bytes:10000000
port num 11 send bytes:10000000 recv bytes:10000000
port num 12 send bytes:10000000 recv bytes:10000000
port num 13 send bytes:10000000 recv bytes:10000000
port num 14 send bytes:10000000 recv bytes:10000000
port num 15 send bytes:10000000 recv bytes:10000000
port num 16 send bytes:10000000 recv bytes:10000000
port num 17 send bytes:10000000 recv bytes:10000000
port num 18 send bytes:10000000 recv bytes:10000000
port num 19 send bytes:10000000 recv bytes:10000000
port num 20 send bytes:10000000 recv bytes:10000000
port num 21 send bytes:10000000 recv bytes:10000000
port num 22 send bytes:10000000 recv bytes:10000000
port num 23 send bytes:10000000 recv bytes:10000000
port num 24 send bytes:10000000 recv bytes:10000000
port num 25 send bytes:10000000 recv bytes:10000000
port num 26 send bytes:10000000 recv bytes:10000000
port num 27 send bytes:10000000 recv bytes:10000000
port num 28 send bytes:10000000 recv bytes:10000000
port num 29 send bytes:10000000 recv bytes:10000000
port num 30 send bytes:10000000 recv bytes:10000000
port num 31 send bytes:10000000 recv bytes:10000000
port num 32 send bytes:10000000 recv bytes:10000000
port num 33 send bytes:10000000 recv bytes:10000000
port num 34 send bytes:10000000 recv bytes:10000000
port num 35 send bytes:10000000 recv bytes:10000000
port num 36 send bytes:10000000 recv bytes:10000000
port num 37 send bytes:10000000 recv bytes:10000000
port num 38 send bytes:10000000 recv bytes:10000000
port num 39 send bytes:10000000 recv bytes:10000000
port num 40 send bytes:10000000 recv bytes:10000000
port num 41 send bytes:10000000 recv bytes:10000000
port num 42 send bytes:10000000 recv bytes:10000000
port num 43 send bytes:10000000 recv bytes:10000000
port num 44 send bytes:10000000 recv bytes:10000000
port num 45 send bytes:10000000 recv bytes:10000000
port num 46 send bytes:10000000 recv bytes:10000000
port num 47 send bytes:10000000 recv bytes:10000000
port num 48 send bytes:10000000 recv bytes:10000000
port num 49 send bytes:10000000 recv bytes:10000000
port num 50 send bytes:10000000 recv bytes:10000000
port num 51 send bytes:10000000 recv bytes:10000000
port num 52 send bytes:10000000 recv bytes:10000000
port num 53 send bytes:10000000 recv bytes:10000000
port num 54 send bytes:10000000 recv bytes:10000000
port num 55 send bytes:10000000 recv bytes:10000000
port num 56 send bytes:10000000 recv bytes:10000000
port num 57 send bytes:10000000 recv bytes:10000000
port num 58 send bytes:10000000 recv bytes:10000000
port num 59 send bytes:10000000 recv bytes:10000000
port num 60 send bytes:10000000 recv bytes:10000000
port num 61 send bytes:10000000 recv bytes:10000000
port num 62 send bytes:10000000 recv bytes:10000000
port num 63 send bytes:10000000 recv bytes:10000000
port num 64 send bytes:10000000 recv bytes:10000000
port num 65 send bytes:10000000 recv bytes:10000000
port num 66 send bytes:10000000 recv bytes:10000000
port num 67 send bytes:10000000 recv bytes:10000000
port num 68 send bytes:10000000 recv bytes:10000000
port num 69 send bytes:10000000 recv bytes:10000000
port num 70 send bytes:10000000 recv bytes:10000000
port num 71 send bytes:10000000 recv bytes:10000000
port num 72 send bytes:10000000 recv bytes:10000000
port num 73 send bytes:10000000 recv bytes:10000000
port num 74 send bytes:10000000 recv bytes:10000000
port num 75 send bytes:10000000 recv bytes:10000000
port num 76 send bytes:10000000 recv bytes:10000000
port num 77 send bytes:10000000 recv bytes:10000000
port num 78 send bytes:10000000 recv bytes:10000000
port num 79 send bytes:10000000 recv bytes:10000000
port num 80 send bytes:10000000 recv bytes:10000000
port num 81 send bytes:10000000 recv bytes:10000000
port num 82 send bytes:10000000 recv bytes:10000000
port num 83 send bytes:10000000 recv bytes:10000000
port num 84 send bytes:10000000 recv bytes:10000000
port num 85 send bytes:10000000 recv bytes:10000000
port num 86 send bytes:10000000 recv bytes:10000000
port num 87 send bytes:10000000 recv bytes:10000000
port num 88 send bytes:10000000 recv bytes:10000000
port num 89 send bytes:10000000 recv bytes:10000000
port num 90 send bytes:10000000 recv bytes:10000000
port num 91 send bytes:10000000 recv bytes:10000000
port num 92 send bytes:10000000 recv bytes:10000000
port num 93 send bytes:10000000 recv bytes:10000000
port num 94 send bytes:10000000 recv bytes:10000000
port num 95 send bytes:10000000 recv bytes:10000000
port num 96 send bytes:10000000 recv bytes:10000000
port num 97 send bytes:10000000 recv bytes:10000000
port num 98 send bytes:10000000 recv bytes:10000000
port num 99 send bytes:10000000 recv bytes:10000000
port num 100 send bytes:10000000 recv bytes:10000000
port num 101 send bytes:10000000 recv bytes:10000000
port num 102 send bytes:10000000 recv bytes:10000000
port num 103 send bytes:10000000 recv bytes:10000000
port num 104 send bytes:10000000 recv bytes:10000000
port num 105 send bytes:10000000 recv bytes:10000000
port num 106 send bytes:10000000 recv bytes:10000000
port num 107 send bytes:10000000 recv bytes:10000000
port num 108 send bytes:10000000 recv bytes:10000000
port num 109 send bytes:10000000 recv bytes:10000000
port num 110 send bytes:10000000 recv bytes:10000000
port num 111 send bytes:10000000 recv bytes:10000000
port num 112 send bytes:10000000 recv bytes:10000000
port num 113 send bytes:10000000 recv bytes:10000000
port num 114 send bytes:10000000 recv bytes:10000000
port num 115 send bytes:10000000 recv bytes:10000000
port num 116 send bytes:10000000 recv bytes:10000000
port num 117 send bytes:10000000 recv bytes:10000000
port num 118 send bytes:10000000 recv bytes:10000000
port num 119 send bytes:10000000 recv bytes:10000000
port num 120 send bytes:10000000 recv bytes:10000000
port num 121 send bytes:10000000 recv bytes:10000000
port num 122 send bytes:10000000 recv bytes:10000000
port num 123 send bytes:10000000 recv bytes:10000000
port num 124 send bytes:10000000 recv bytes:10000000
port num 125 send bytes:10000000 recv bytes:10000000
port num 126 send bytes:10000000 recv bytes:10000000
port num 127 send bytes:10000000 recv bytes:10000000
port num 128 send bytes:10000000 recv bytes:10000000
port num 129 send bytes:10000000 recv bytes:10000000
port num 130 send bytes:10000000 recv bytes:10000000
port num 131 send bytes:10000000 recv bytes:10000000
port num 132 send bytes:10000000 recv bytes:10000000
port num 133 send bytes:10000000 recv bytes:10000000
port num 134 send bytes:10000000 recv bytes:10000000
port num 135 send bytes:10000000 recv bytes:10000000
port num 136 send bytes:10000000 recv bytes:10000000
port num 137 send bytes:10000000 recv bytes:10000000
port num 138 send bytes:10000000 recv bytes:10000000
port num 139 send bytes:10000000 recv bytes:10000000
port num 140 send bytes:10000000 recv bytes:10000000
port num 141 send bytes:10000000 recv bytes:10000000
port num 142 send bytes:10000000 recv bytes:10000000
port num 143 send bytes:10000000 recv bytes:10000000
port num 144 send bytes:10000000 recv bytes:10000000
port num 145 send bytes:10000000 recv bytes:10000000
port num 146 send bytes:10000000 recv bytes:10000000
port num 147 send bytes:10000000 recv bytes:10000000
port num 148 send bytes:10000000 recv bytes:10000000
port num 149 send bytes:10000000 recv bytes:10000000
port num 150 send bytes:10000000 recv bytes:10000000
port num 151 send bytes:10000000 recv bytes:10000000
port num 152 send bytes:10000000 recv bytes:10000000
port num 153 send bytes:10000000 recv bytes:10000000
port num 154 send bytes:10000000 recv bytes:10000000
port num 155 send bytes:10000000 recv bytes:10000000
port num 156 send bytes:10000000 recv bytes:10000000
port num 157 send bytes:10000000 recv bytes:10000000
port num 158 send bytes:10000000 recv bytes:10000000
port num 159 send bytes:10000000 recv bytes:10000000
port num 160 send bytes:10000000 recv bytes:10000000
port num 161 send bytes:10000000 recv bytes:10000000
port num 162 send bytes:10000000 recv bytes:10000000
port num 163 send bytes:10000000 recv bytes:10000000
port num 164 send bytes:10000000 recv bytes:10000000
port num 165 send bytes:10000000 recv bytes:10000000
port num 166 send bytes:10000000 recv bytes:10000000
port num 167 send bytes:10000000 recv bytes:10000000
port num 168 send bytes:10000000 recv bytes:10000000
port num 169 send bytes:10000000 recv bytes:10000000
port num 170 send bytes:10000000 recv bytes:10000000
port num 171 send bytes:10000000 recv bytes:10000000
port num 172 send bytes:10000000 recv bytes:10000000
port num 173 send bytes:10000000 recv bytes:10000000
port num 174 send bytes:10000000 recv bytes:10000000
port num 175 send bytes:10000000 recv bytes:10000000
port num 176 send bytes:10000000 recv bytes:10000000
port num 177 send bytes:10000000 recv bytes:10000000
port num 178 send bytes:10000000 recv bytes:10000000
port num 179 send bytes:10000000 recv bytes:10000000
port num 180 send bytes:10000000 recv bytes:10000000
port num 181 send bytes:10000000 recv bytes:10000000
port num 182 send bytes:10000000 recv bytes:10000000
port num 183 send bytes:10000000 recv bytes:10000000
port num 184 send bytes:10000000 recv bytes:10000000
port num 185 send bytes:10000000 recv bytes:10000000
port num 186 send bytes:10000000 recv bytes:10000000
port num 187 send bytes:10000000 recv bytes:10000000
port num 188 send bytes:10000000 recv bytes:10000000
port num 189 send bytes:10000000 recv bytes:10000000
port num 190 send bytes:10000000 recv bytes:10000000
port num 191 send bytes:10000000 recv bytes:10000000
port num 192 send bytes:10000000 recv bytes:10000000
port num 193 send bytes:10000000 recv bytes:10000000
port num 194 send bytes:10000000 recv bytes:10000000
port num 195 send bytes:10000000 recv bytes:10000000
port num 196 send bytes:10000000 recv bytes:10000000
port num 197 send bytes:10000000 recv bytes:10000000
port num 198 send bytes:10000000 recv bytes:10000000
port num 199 send bytes:10000000 recv bytes:10000000
port num 200 send bytes:10000000 recv bytes:10000000
port num 201 send bytes:10000000 recv bytes:10000000
port num 202 send bytes:10000000 recv bytes:10000000
port num 203 send bytes:10000000 recv bytes:10000000
port num 204 send bytes:10000000 recv bytes:10000000
port num 205 send bytes:10000000 recv bytes:10000000
port num 206 send bytes:10000000 recv bytes:10000000
port num 207 send bytes:10000000 recv bytes:10000000
port num 208 send bytes:10000000 recv bytes:10000000
port num 209 send bytes:10000000 recv bytes:10000000
port num 210 send bytes:10000000 recv bytes:10000000
port num 211 send bytes:10000000 recv bytes:10000000
port num 212 send bytes:10000000 recv bytes:10000000
port num 213 send bytes:10000000 recv bytes:10000000
port num 214 send bytes:10000000 recv bytes:10000000
port num 215 send bytes:10000000 recv bytes:10000000
port num 216 send bytes:10000000 recv bytes:10000000
port num 217 send bytes:10000000 recv bytes:10000000
port num 218 send bytes:10000000 recv bytes:10000000
port num 219 send bytes:10000000 recv bytes:10000000
port num 220 send bytes:10000000 recv bytes:10000000
port num 221 send bytes:10000000 recv bytes:10000000
port num 222 send bytes:10000000 recv bytes:10000000
port num 223 send bytes:10000000 recv bytes:10000000
port num 224 send bytes:10000000 recv bytes:10000000
port num 225 send bytes:10000000 recv bytes:10000000
port num 226 send bytes:10000000 recv bytes:10000000
port num 227 send bytes:10000000 recv bytes:10000000
port num 228 send bytes:10000000 recv bytes:10000000
port num 229 send bytes:10000000 recv bytes:10000000
port num 230 send bytes:10000000 recv bytes:10000000
port num 231 send bytes:10000000 recv bytes:10000000
port num 232 send bytes:10000000 recv bytes:10000000
port num 233 send bytes:10000000 recv bytes:10000000
port num 234 send bytes:10000000 recv bytes:10000000
port num 235 send bytes:10000000 recv bytes:10000000
port num 236 send bytes:10000000 recv bytes:10000000
port num 237 send bytes:10000000 recv bytes:10000000
port num 238 send bytes:10000000 recv bytes:10000000
port num 239 send bytes:10000000 recv bytes:10000000
port num 240 send bytes:10000000 recv bytes:10000000
port num 241 send bytes:10000000 recv bytes:10000000
port num 242 send bytes:10000000 recv bytes:10000000
port num 243 send bytes:10000000 recv bytes:10000000
port num 244 send bytes:10000000 recv bytes:10000000
port num 245 send bytes:10000000 recv bytes:10000000
port num 246 send bytes:10000000 recv bytes:10000000
port num 247 send bytes:10000000 recv bytes:10000000
port num 248 send bytes:10000000 recv bytes:10000000
port num 249 send bytes:10000000 recv bytes:10000000
port num 250 send bytes:10000000 recv bytes:10000000
port num 251 send bytes:10000000 recv bytes:10000000
port num 252 send bytes:10000000 recv bytes:10000000
port num 253 send bytes:10000000 recv bytes:10000000
port num 254 send bytes:10000000 recv bytes:10000000
port num 255 send bytes:10000000 recv bytes:10000000
port num 256 send bytes:10000000 recv bytes:10000000
port num 257 send bytes:10000000 recv bytes:10000000
port num 258 send bytes:10000000 recv bytes:10000000
port num 259 send bytes:10000000 recv bytes:10000000
port num 260 send bytes:10000000 recv bytes:10000000
port num 261 send bytes:10000000 recv bytes:10000000
port num 262 send bytes:10000000 recv bytes:10000000
port num 263 send bytes:10000000 recv bytes:10000000
port num 264 send bytes:10000000 recv bytes:10000000
port num 265 send bytes:10000000 recv bytes:10000000
port num 266 send bytes:10000000 recv bytes:10000000
port num 267 send bytes:10000000 recv bytes:10000000
port num 268 send bytes:10000000 recv bytes:10000000
port num 269 send bytes:10000000 recv bytes:10000000
port num 270 send bytes:10000000 recv bytes:10000000
port num 271 send bytes:10000000 recv bytes:10000000
port num 272 send bytes:10000000 recv bytes:10000000
port num 273 send bytes:10000000 recv bytes:10000000
port num 274 send bytes:10000000 recv bytes:10000000
port num 275 send bytes:10000000 recv bytes:10000000
port num 276 send bytes:10000000 recv bytes:10000000
port num 277 send bytes:10000000 recv bytes:10000000
port num 278 send bytes:10000000 recv bytes:10000000
port num 279 send bytes:10000000 recv bytes:10000000
port num 280 send bytes:10000000 recv bytes:10000000
port num 281 send bytes:10000000 recv bytes:10000000
port num 282 send bytes:10000000 recv bytes:10000000
port num 283 send bytes:10000000 recv bytes:10000000
port num 284 send bytes:10000000 recv bytes:10000000
port num 285 send bytes:10000000 recv bytes:10000000
port num 286 send bytes:10000000 recv bytes:10000000
port num 287 send bytes:10000000 recv bytes:10000000
port num 288 send bytes:10000000 recv bytes:10000000
port num 289 send bytes:10000000 recv bytes:10000000
port num 290 send bytes:10000000 recv bytes:10000000
port num 291 send bytes:10000000 recv bytes:10000000
port num 292 send bytes:10000000 recv bytes:10000000
port num 293 send bytes:10000000 recv bytes:10000000
port num 294 send bytes:10000000 recv bytes:10000000
port num 295 send bytes:10000000 recv bytes:10000000
port num 296 send bytes:10000000 recv bytes:10000000
port num 297 send bytes:10000000 recv bytes:10000000
port num 298 send bytes:10000000 recv bytes:10000000
port num 299 send bytes:10000000 recv bytes:10000000
port num 300 send bytes:10000000 recv bytes:10000000
port num 301 send bytes:10000000 recv bytes:10000000
port num 302 send bytes:10000000 recv bytes:10000000
port num 303 send bytes:10000000 recv bytes:10000000
port num 304 send bytes:10000000 recv bytes:10000000
port num 305 send bytes:10000000 recv bytes:10000000
port num 306 send bytes:10000000 recv bytes:10000000
port num 307 send bytes:10000000 recv bytes:10000000
port num 308 send bytes:10000000 recv bytes:10000000
port num 309 send bytes:10000000 recv bytes:10000000
port num 310 send bytes:10000000 recv bytes:10000000
port num 311 send bytes:10000000 recv bytes:10000000
port num 312 send bytes:10000000 recv bytes:10000000
port num 313 send bytes:10000000 recv bytes:10000000
port num 314 send bytes:10000000 recv bytes:10000000
port num 315 send bytes:10000000 recv bytes:10000000
port num 316 send bytes:10000000 recv bytes:10000000
port num 317 send bytes:10000000 recv bytes:10000000
port num 318 send bytes:10000000 recv bytes:10000000
port num 319 send bytes:10000000 recv bytes:10000000
port num 320 send bytes:10000000 recv bytes:10000000
port num 321 send bytes:10000000 recv bytes:10000000
port num 322 send bytes:10000000 recv bytes:10000000
port num 323 send bytes:10000000 recv bytes:10000000
port num 324 send bytes:10000000 recv bytes:10000000
port num 325 send bytes:10000000 recv bytes:10000000
port num 326 send bytes:10000000 recv bytes:10000000
port num 327 send bytes:10000000 recv bytes:10000000
port num 328 send bytes:10000000 recv bytes:10000000
port num 329 send bytes:10000000 recv bytes:10000000
port num 330 send bytes:10000000 recv bytes:10000000
port num 331 send bytes:10000000 recv bytes:10000000
port num 332 send bytes:10000000 recv bytes:10000000
port num 333 send bytes:10000000 recv bytes:10000000
port num 334 send bytes:10000000 recv bytes:10000000
port num 335 send bytes:10000000 recv bytes:10000000
port num 336 send bytes:10000000 recv bytes:10000000
port num 337 send bytes:10000000 recv bytes:10000000
port num 338 send bytes:10000000 recv bytes:10000000
port num 339 send bytes:10000000 recv bytes:10000000
port num 340 send bytes:10000000 recv bytes:10000000
port num 341 send bytes:10000000 recv bytes:10000000
port num 342 send bytes:10000000 recv bytes:10000000
port num 343 send bytes:10000000 recv bytes:10000000
port num 344 send bytes:10000000 recv bytes:10000000
port num 345 send bytes:10000000 recv bytes:10000000
port num 346 send bytes:10000000 recv bytes:10000000
port num 347 send bytes:10000000 recv bytes:10000000
port num 348 send bytes:10000000 recv bytes:10000000
port num 349 send bytes:10000000 recv bytes:10000000
port num 350 send bytes:10000000 recv bytes:10000000
port num 351 send bytes:10000000 recv bytes:10000000
port num 352 send bytes:10000000 recv bytes:10000000
port num 353 send bytes:10000000 recv bytes:10000000
port num 354 send bytes:10000000 recv bytes:10000000
port num 355 send bytes:10000000 recv bytes:10000000
port num 356 send bytes:10000000 recv bytes:10000000
port num 357 send bytes:10000000 recv bytes:10000000
port num 358 send bytes:10000000 recv bytes:10000000
port num 359 send bytes:10000000 recv bytes:10000000
port num 360 send bytes:10000000 recv bytes:10000000
port num 361 send bytes:10000000 recv bytes:10000000
port num 362 send bytes:10000000 recv bytes:10000000
port num 363 send bytes:10000000 recv bytes:10000000
port num 364 send bytes:10000000 recv bytes:10000000
port num 365 send bytes:10000000 recv bytes:10000000
port num 366 send bytes:10000000 recv bytes:10000000
port num 367 send bytes:10000000 recv bytes:10000000
port num 368 send bytes:10000000 recv bytes:10000000
port num 369 send bytes:10000000 recv bytes:10000000
port num 370 send bytes:10000000 recv bytes:10000000
port num 371 send bytes:10000000 recv bytes:10000000
port num 372 send bytes:10000000 recv bytes:10000000
port num 373 send bytes:10000000 recv bytes:10000000
port num 374 send bytes:10000000 recv bytes:10000000
port num 375 send bytes:10000000 recv bytes:10000000
port num 376 send bytes:10000000 recv bytes:10000000
port num 377 send bytes:10000000 recv bytes:10000000
port num 378 send bytes:10000000 recv bytes:10000000
port num 379 send bytes:10000000 recv bytes:10000000
port num 380 send bytes:10000000 recv bytes:10000000
port num 381 send bytes:10000000 recv bytes:10000000
port num 382 send bytes:10000000 recv bytes:10000000
port num 383 send bytes:10000000 recv bytes:10000000

 ** average runtime : 7589573
