nohup: ignoring input
worker : 384	port num : 384
kv_num : 100000000
data size : 10.8GB
port base : 8033
count:100000000
100000000 100000000
success 3
success 4
success 5
success 6
success 7
success 8
success 9
success 10
success 11
success 12
success 13
success 14
success 15
success 16
success 17
success 18
success 19
success 20
success 21
success 22
success 23
success 24
success 25
success 26
success 27
success 28
success 29
success 30
success 31
success 32
success 33
success 34
success 35
success 36
success 37
success 38
success 39
success 40
success 41
success 42
success 43
success 44
success 45
success 46
success 47
success 48
success 49
success 50
success 51
success 52
success 53
success 54
success 55
success 56
success 57
success 58
success 59
success 60
success 61
success 62
success 63
success 64
success 65
success 66
success 67
success 68
success 69
success 70
success 71
success 72
success 73
success 74
success 75
success 76
success 77
success 78
success 79
success 80
success 81
success 82
success 83
success 84
success 85
success 86
success 87
success 88
success 89
success 90
success 91
success 92
success 93
success 94
success 95
success 96
success 97
success 98
success 99
success 100
success 101
success 102
success 103
success 104
success 105
success 106
success 107
success 108
success 109
success 110
success 111
success 112
success 113
success 114
success 115
success 116
success 117
success 118
success 119
success 120
success 121
success 122
success 123
success 124
success 125
success 126
success 127
success 128
success 129
success 130
success 131
success 132
success 133
success 134
success 135
success 136
success 137
success 138
success 139
success 140
success 141
success 142
success 143
success 144
success 145
success 146
success 147
success 148
success 149
success 150
success 151
success 152
success 153
success 154
success 155
success 156
success 157
success 158
success 159
success 160
success 161
success 162
success 163
success 164
success 165
success 166
success 167
success 168
success 169
success 170
success 171
success 172
success 173
success 174
success 175
success 176
success 177
success 178
success 179
success 180
success 181
success 182
success 183
success 184
success 185
success 186
success 187
success 188
success 189
success 190
success 191
success 192
success 193
success 194
success 195
success 196
success 197
success 198
success 199
success 200
success 201
success 202
success 203
success 204
success 205
success 206
success 207
success 208
success 209
success 210
success 211
success 212
success 213
success 214
success 215
success 216
success 217
success 218
success 219
success 220
success 221
success 222
success 223
success 224
success 225
success 226
success 227
success 228
success 229
success 230
success 231
success 232
success 233
success 234
success 235
success 236
success 237
success 238
success 239
success 240
success 241
success 242
success 243
success 244
success 245
success 246
success 247
success 248
success 249
success 250
success 251
success 252
success 253
success 254
success 255
success 256
success 257
success 258
success 259
success 260
success 261
success 262
success 263
success 264
success 265
success 266
success 267
success 268
success 269
success 270
success 271
success 272
success 273
success 274
success 275
success 276
success 277
success 278
success 279
success 280
success 281
success 282
success 283
success 284
success 285
success 286
success 287
success 288
success 289
success 290
success 291
success 292
success 293
success 294
success 295
success 296
success 297
success 298
success 299
success 300
success 301
success 302
success 303
success 304
success 305
success 306
success 307
success 308
success 309
success 310
success 311
success 312
success 313
success 314
success 315
success 316
success 317
success 318
success 319
success 320
success 321
success 322
success 323
success 324
success 325
success 326
success 327
success 328
success 329
success 330
success 331
success 332
success 333
success 334
success 335
success 336
success 337
success 338
success 339
success 340
success 341
success 342
success 343
success 344
success 345
success 346
success 347
success 348
success 349
success 350
success 351
success 352
success 353
success 354
success 355
success 356
success 357
success 358
success 359
success 360
success 361
success 362
success 363
success 364
success 365
success 366
success 367
success 368
success 369
success 370
success 371
success 372
success 373
success 374
success 375
success 376
success 377
success 378
success 379
success 380
success 381
success 382
success 383
success 384
success 385
success 386
success 387
success
0
500000
1
success
success
port num 0 send bytes:21439960 recv bytes:21439960
port num 1 send bytes:21439580 recv bytes:21439580
port num 2 send bytes:21439166 recv bytes:21439166
port num 3 send bytes:21439370 recv bytes:21439370
port num 4 send bytes:21439576 recv bytes:21439576
port num 5 send bytes:21439512 recv bytes:21439512
port num 6 send bytes:21440010 recv bytes:21440010
port num 7 send bytes:21439464 recv bytes:21439464
port num 8 send bytes:21440324 recv bytes:21440324
port num 9 send bytes:21439720 recv bytes:21439720
port num 10 send bytes:21439626 recv bytes:21439626
port num 11 send bytes:21439720 recv bytes:21439720
port num 12 send bytes:21439822 recv bytes:21439822
port num 13 send bytes:21439942 recv bytes:21439942
port num 14 send bytes:21440074 recv bytes:21440074
port num 15 send bytes:21439756 recv bytes:21439756
port num 16 send bytes:21440252 recv bytes:21440252
port num 17 send bytes:21440456 recv bytes:21440456
port num 18 send bytes:21439568 recv bytes:21439568
port num 19 send bytes:21439550 recv bytes:21439550
port num 20 send bytes:21439134 recv bytes:21439134
port num 21 send bytes:21439602 recv bytes:21439602
port num 22 send bytes:21439700 recv bytes:21439700
port num 23 send bytes:21440214 recv bytes:21440214
port num 24 send bytes:21440282 recv bytes:21440282
port num 25 send bytes:21439708 recv bytes:21439708
port num 26 send bytes:21439318 recv bytes:21439318
port num 27 send bytes:21439420 recv bytes:21439420
port num 28 send bytes:21440332 recv bytes:21440332
port num 29 send bytes:21439792 recv bytes:21439792
port num 30 send bytes:21438634 recv bytes:21438634
port num 31 send bytes:21440450 recv bytes:21440450
port num 32 send bytes:21439808 recv bytes:21439808
port num 33 send bytes:21439648 recv bytes:21439648
port num 34 send bytes:21440256 recv bytes:21440256
port num 35 send bytes:21440026 recv bytes:21440026
port num 36 send bytes:21439478 recv bytes:21439478
port num 37 send bytes:21440060 recv bytes:21440060
port num 38 send bytes:21439654 recv bytes:21439654
port num 39 send bytes:21439824 recv bytes:21439824
port num 40 send bytes:21439742 recv bytes:21439742
port num 41 send bytes:21438932 recv bytes:21438932
port num 42 send bytes:21439896 recv bytes:21439896
port num 43 send bytes:21439768 recv bytes:21439768
port num 44 send bytes:21439868 recv bytes:21439868
port num 45 send bytes:21439974 recv bytes:21439974
port num 46 send bytes:21439248 recv bytes:21439248
port num 47 send bytes:21439946 recv bytes:21439946
port num 48 send bytes:21439416 recv bytes:21439416
port num 49 send bytes:21439412 recv bytes:21439412
port num 50 send bytes:21439832 recv bytes:21439832
port num 51 send bytes:21439384 recv bytes:21439384
port num 52 send bytes:21440502 recv bytes:21440502
port num 53 send bytes:21439372 recv bytes:21439372
port num 54 send bytes:21440002 recv bytes:21440002
port num 55 send bytes:21439956 recv bytes:21439956
port num 56 send bytes:21440580 recv bytes:21440580
port num 57 send bytes:21439154 recv bytes:21439154
port num 58 send bytes:21439460 recv bytes:21439460
port num 59 send bytes:21440576 recv bytes:21440576
port num 60 send bytes:21439036 recv bytes:21439036
port num 61 send bytes:21440072 recv bytes:21440072
port num 62 send bytes:21439914 recv bytes:21439914
port num 63 send bytes:21440324 recv bytes:21440324
port num 64 send bytes:21439814 recv bytes:21439814
port num 65 send bytes:21440192 recv bytes:21440192
port num 66 send bytes:21439556 recv bytes:21439556
port num 67 send bytes:21439824 recv bytes:21439824
port num 68 send bytes:21439538 recv bytes:21439538
port num 69 send bytes:21439692 recv bytes:21439692
port num 70 send bytes:21439966 recv bytes:21439966
port num 71 send bytes:21440036 recv bytes:21440036
port num 72 send bytes:21439676 recv bytes:21439676
port num 73 send bytes:21439828 recv bytes:21439828
port num 74 send bytes:21439152 recv bytes:21439152
port num 75 send bytes:21439786 recv bytes:21439786
port num 76 send bytes:21439578 recv bytes:21439578
port num 77 send bytes:21439370 recv bytes:21439370
port num 78 send bytes:21440306 recv bytes:21440306
port num 79 send bytes:21440100 recv bytes:21440100
port num 80 send bytes:21439498 recv bytes:21439498
port num 81 send bytes:21438796 recv bytes:21438796
port num 82 send bytes:21439358 recv bytes:21439358
port num 83 send bytes:21439228 recv bytes:21439228
port num 84 send bytes:21440266 recv bytes:21440266
port num 85 send bytes:21439978 recv bytes:21439978
port num 86 send bytes:21439810 recv bytes:21439810
port num 87 send bytes:21439248 recv bytes:21439248
port num 88 send bytes:21440296 recv bytes:21440296
port num 89 send bytes:21439960 recv bytes:21439960
port num 90 send bytes:21439838 recv bytes:21439838
port num 91 send bytes:21439504 recv bytes:21439504
port num 92 send bytes:21440238 recv bytes:21440238
port num 93 send bytes:21439652 recv bytes:21439652
port num 94 send bytes:21439392 recv bytes:21439392
port num 95 send bytes:21440036 recv bytes:21440036
port num 96 send bytes:21439584 recv bytes:21439584
port num 97 send bytes:21439914 recv bytes:21439914
port num 98 send bytes:21439592 recv bytes:21439592
port num 99 send bytes:21439636 recv bytes:21439636
port num 100 send bytes:21439926 recv bytes:21439926
port num 101 send bytes:21439950 recv bytes:21439950
port num 102 send bytes:21439780 recv bytes:21439780
port num 103 send bytes:21439536 recv bytes:21439536
port num 104 send bytes:21440094 recv bytes:21440094
port num 105 send bytes:21439328 recv bytes:21439328
port num 106 send bytes:21440402 recv bytes:21440402
port num 107 send bytes:21439836 recv bytes:21439836
port num 108 send bytes:21439200 recv bytes:21439200
port num 109 send bytes:21440078 recv bytes:21440078
port num 110 send bytes:21439682 recv bytes:21439682
port num 111 send bytes:21439184 recv bytes:21439184
port num 112 send bytes:21440074 recv bytes:21440074
port num 113 send bytes:21439928 recv bytes:21439928
port num 114 send bytes:21439504 recv bytes:21439504
port num 115 send bytes:21439674 recv bytes:21439674
port num 116 send bytes:21439172 recv bytes:21439172
port num 117 send bytes:21439664 recv bytes:21439664
port num 118 send bytes:21439686 recv bytes:21439686
port num 119 send bytes:21440534 recv bytes:21440534
port num 120 send bytes:21439620 recv bytes:21439620
port num 121 send bytes:21439650 recv bytes:21439650
port num 122 send bytes:21439602 recv bytes:21439602
port num 123 send bytes:21439452 recv bytes:21439452
port num 124 send bytes:21439554 recv bytes:21439554
port num 125 send bytes:21439504 recv bytes:21439504
port num 126 send bytes:21439580 recv bytes:21439580
port num 127 send bytes:21439790 recv bytes:21439790
port num 128 send bytes:21440066 recv bytes:21440066
port num 129 send bytes:21439638 recv bytes:21439638
port num 130 send bytes:21439828 recv bytes:21439828
port num 131 send bytes:21439452 recv bytes:21439452
port num 132 send bytes:21440048 recv bytes:21440048
port num 133 send bytes:21439324 recv bytes:21439324
port num 134 send bytes:21440048 recv bytes:21440048
port num 135 send bytes:21439722 recv bytes:21439722
port num 136 send bytes:21439714 recv bytes:21439714
port num 137 send bytes:21439708 recv bytes:21439708
port num 138 send bytes:21439950 recv bytes:21439950
port num 139 send bytes:21439686 recv bytes:21439686
port num 140 send bytes:21439674 recv bytes:21439674
port num 141 send bytes:21439960 recv bytes:21439960
port num 142 send bytes:21439590 recv bytes:21439590
port num 143 send bytes:21439648 recv bytes:21439648
port num 144 send bytes:21440076 recv bytes:21440076
port num 145 send bytes:21439958 recv bytes:21439958
port num 146 send bytes:21439652 recv bytes:21439652
port num 147 send bytes:21439772 recv bytes:21439772
port num 148 send bytes:21440036 recv bytes:21440036
port num 149 send bytes:21441052 recv bytes:21441052
port num 150 send bytes:21439908 recv bytes:21439908
port num 151 send bytes:21440260 recv bytes:21440260
port num 152 send bytes:21440082 recv bytes:21440082
port num 153 send bytes:21439562 recv bytes:21439562
port num 154 send bytes:21439818 recv bytes:21439818
port num 155 send bytes:21440314 recv bytes:21440314
port num 156 send bytes:21439860 recv bytes:21439860
port num 157 send bytes:21440136 recv bytes:21440136
port num 158 send bytes:21439140 recv bytes:21439140
port num 159 send bytes:21440192 recv bytes:21440192
port num 160 send bytes:21439974 recv bytes:21439974
port num 161 send bytes:21439320 recv bytes:21439320
port num 162 send bytes:21439106 recv bytes:21439106
port num 163 send bytes:21439578 recv bytes:21439578
port num 164 send bytes:21439588 recv bytes:21439588
port num 165 send bytes:21439406 recv bytes:21439406
port num 166 send bytes:21440062 recv bytes:21440062
port num 167 send bytes:21439864 recv bytes:21439864
port num 168 send bytes:21439674 recv bytes:21439674
port num 169 send bytes:21438864 recv bytes:21438864
port num 170 send bytes:21439202 recv bytes:21439202
port num 171 send bytes:21439860 recv bytes:21439860
port num 172 send bytes:21439732 recv bytes:21439732
port num 173 send bytes:21439712 recv bytes:21439712
port num 174 send bytes:21440686 recv bytes:21440686
port num 175 send bytes:21440240 recv bytes:21440240
port num 176 send bytes:21439518 recv bytes:21439518
port num 177 send bytes:21440138 recv bytes:21440138
port num 178 send bytes:21439396 recv bytes:21439396
port num 179 send bytes:21439978 recv bytes:21439978
port num 180 send bytes:21439294 recv bytes:21439294
port num 181 send bytes:21440014 recv bytes:21440014
port num 182 send bytes:21439954 recv bytes:21439954
port num 183 send bytes:21439906 recv bytes:21439906
port num 184 send bytes:21439920 recv bytes:21439920
port num 185 send bytes:21439636 recv bytes:21439636
port num 186 send bytes:21439204 recv bytes:21439204
port num 187 send bytes:21440122 recv bytes:21440122
port num 188 send bytes:21440518 recv bytes:21440518
port num 189 send bytes:21438974 recv bytes:21438974
port num 190 send bytes:21439360 recv bytes:21439360
port num 191 send bytes:21440170 recv bytes:21440170
port num 192 send bytes:21439418 recv bytes:21439418
port num 193 send bytes:21440146 recv bytes:21440146
port num 194 send bytes:21439878 recv bytes:21439878
port num 195 send bytes:21439950 recv bytes:21439950
port num 196 send bytes:21438926 recv bytes:21438926
port num 197 send bytes:21439696 recv bytes:21439696
port num 198 send bytes:21439212 recv bytes:21439212
port num 199 send bytes:21439752 recv bytes:21439752
port num 200 send bytes:21439838 recv bytes:21439838
port num 201 send bytes:21439908 recv bytes:21439908
port num 202 send bytes:21440358 recv bytes:21440358
port num 203 send bytes:21440014 recv bytes:21440014
port num 204 send bytes:21439882 recv bytes:21439882
port num 205 send bytes:21439924 recv bytes:21439924
port num 206 send bytes:21440208 recv bytes:21440208
port num 207 send bytes:21439494 recv bytes:21439494
port num 208 send bytes:21439710 recv bytes:21439710
port num 209 send bytes:21440050 recv bytes:21440050
port num 210 send bytes:21440138 recv bytes:21440138
port num 211 send bytes:21439710 recv bytes:21439710
port num 212 send bytes:21440080 recv bytes:21440080
port num 213 send bytes:21439370 recv bytes:21439370
port num 214 send bytes:21439180 recv bytes:21439180
port num 215 send bytes:21439604 recv bytes:21439604
port num 216 send bytes:21439800 recv bytes:21439800
port num 217 send bytes:21439192 recv bytes:21439192
port num 218 send bytes:21439118 recv bytes:21439118
port num 219 send bytes:21440046 recv bytes:21440046
port num 220 send bytes:21440190 recv bytes:21440190
port num 221 send bytes:21440300 recv bytes:21440300
port num 222 send bytes:21440234 recv bytes:21440234
port num 223 send bytes:21439562 recv bytes:21439562
port num 224 send bytes:21439514 recv bytes:21439514
port num 225 send bytes:21439732 recv bytes:21439732
port num 226 send bytes:21439586 recv bytes:21439586
port num 227 send bytes:21439168 recv bytes:21439168
port num 228 send bytes:21440452 recv bytes:21440452
port num 229 send bytes:21439820 recv bytes:21439820
port num 230 send bytes:21439774 recv bytes:21439774
port num 231 send bytes:21439642 recv bytes:21439642
port num 232 send bytes:21440118 recv bytes:21440118
port num 233 send bytes:21439956 recv bytes:21439956
port num 234 send bytes:21439660 recv bytes:21439660
port num 235 send bytes:21439820 recv bytes:21439820
port num 236 send bytes:21439482 recv bytes:21439482
port num 237 send bytes:21440004 recv bytes:21440004
port num 238 send bytes:21439530 recv bytes:21439530
port num 239 send bytes:21439502 recv bytes:21439502
port num 240 send bytes:21440106 recv bytes:21440106
port num 241 send bytes:21439410 recv bytes:21439410
port num 242 send bytes:21439578 recv bytes:21439578
port num 243 send bytes:21439502 recv bytes:21439502
port num 244 send bytes:21439280 recv bytes:21439280
port num 245 send bytes:21440442 recv bytes:21440442
port num 246 send bytes:21440136 recv bytes:21440136
port num 247 send bytes:21439494 recv bytes:21439494
port num 248 send bytes:21439670 recv bytes:21439670
port num 249 send bytes:21440048 recv bytes:21440048
port num 250 send bytes:21439822 recv bytes:21439822
port num 251 send bytes:21439782 recv bytes:21439782
port num 252 send bytes:21439964 recv bytes:21439964
port num 253 send bytes:21439790 recv bytes:21439790
port num 254 send bytes:21439338 recv bytes:21439338
port num 255 send bytes:21440022 recv bytes:21440022
port num 256 send bytes:21440390 recv bytes:21440390
port num 257 send bytes:21439664 recv bytes:21439664
port num 258 send bytes:21439948 recv bytes:21439948
port num 259 send bytes:21440020 recv bytes:21440020
port num 260 send bytes:21440004 recv bytes:21440004
port num 261 send bytes:21439806 recv bytes:21439806
port num 262 send bytes:21439444 recv bytes:21439444
port num 263 send bytes:21439058 recv bytes:21439058
port num 264 send bytes:21439794 recv bytes:21439794
port num 265 send bytes:21440652 recv bytes:21440652
port num 266 send bytes:21439758 recv bytes:21439758
port num 267 send bytes:21439722 recv bytes:21439722
port num 268 send bytes:21439562 recv bytes:21439562
port num 269 send bytes:21440250 recv bytes:21440250
port num 270 send bytes:21440270 recv bytes:21440270
port num 271 send bytes:21439940 recv bytes:21439940
port num 272 send bytes:21440284 recv bytes:21440284
port num 273 send bytes:21439698 recv bytes:21439698
port num 274 send bytes:21439752 recv bytes:21439752
port num 275 send bytes:21439254 recv bytes:21439254
port num 276 send bytes:21439966 recv bytes:21439966
port num 277 send bytes:21439908 recv bytes:21439908
port num 278 send bytes:21440804 recv bytes:21440804
port num 279 send bytes:21439408 recv bytes:21439408
port num 280 send bytes:21439740 recv bytes:21439740
port num 281 send bytes:21439294 recv bytes:21439294
port num 282 send bytes:21440094 recv bytes:21440094
port num 283 send bytes:21439574 recv bytes:21439574
port num 284 send bytes:21440048 recv bytes:21440048
port num 285 send bytes:21439460 recv bytes:21439460
port num 286 send bytes:21439362 recv bytes:21439362
port num 287 send bytes:21440290 recv bytes:21440290
port num 288 send bytes:21440038 recv bytes:21440038
port num 289 send bytes:21439936 recv bytes:21439936
port num 290 send bytes:21440072 recv bytes:21440072
port num 291 send bytes:21439586 recv bytes:21439586
port num 292 send bytes:21439592 recv bytes:21439592
port num 293 send bytes:21439686 recv bytes:21439686
port num 294 send bytes:21439584 recv bytes:21439584
port num 295 send bytes:21438974 recv bytes:21438974
port num 296 send bytes:21439886 recv bytes:21439886
port num 297 send bytes:21439310 recv bytes:21439310
port num 298 send bytes:21439400 recv bytes:21439400
port num 299 send bytes:21439878 recv bytes:21439878
port num 300 send bytes:21440226 recv bytes:21440226
port num 301 send bytes:21439028 recv bytes:21439028
port num 302 send bytes:21439708 recv bytes:21439708
port num 303 send bytes:21440366 recv bytes:21440366
port num 304 send bytes:21438740 recv bytes:21438740
port num 305 send bytes:21439688 recv bytes:21439688
port num 306 send bytes:21439654 recv bytes:21439654
port num 307 send bytes:21439522 recv bytes:21439522
port num 308 send bytes:21439614 recv bytes:21439614
port num 309 send bytes:21439906 recv bytes:21439906
port num 310 send bytes:21439570 recv bytes:21439570
port num 311 send bytes:21439360 recv bytes:21439360
port num 312 send bytes:21439680 recv bytes:21439680
port num 313 send bytes:21439258 recv bytes:21439258
port num 314 send bytes:21439886 recv bytes:21439886
port num 315 send bytes:21439620 recv bytes:21439620
port num 316 send bytes:21440030 recv bytes:21440030
port num 317 send bytes:21439894 recv bytes:21439894
port num 318 send bytes:21440254 recv bytes:21440254
port num 319 send bytes:21438828 recv bytes:21438828
port num 320 send bytes:21439952 recv bytes:21439952
port num 321 send bytes:21440592 recv bytes:21440592
port num 322 send bytes:21439434 recv bytes:21439434
port num 323 send bytes:21439866 recv bytes:21439866
port num 324 send bytes:21440386 recv bytes:21440386
port num 325 send bytes:21439926 recv bytes:21439926
port num 326 send bytes:21440034 recv bytes:21440034
port num 327 send bytes:21439832 recv bytes:21439832
port num 328 send bytes:21439520 recv bytes:21439520
port num 329 send bytes:21440240 recv bytes:21440240
port num 330 send bytes:21440270 recv bytes:21440270
port num 331 send bytes:21439726 recv bytes:21439726
port num 332 send bytes:21439706 recv bytes:21439706
port num 333 send bytes:21439576 recv bytes:21439576
port num 334 send bytes:21439696 recv bytes:21439696
port num 335 send bytes:21439822 recv bytes:21439822
port num 336 send bytes:21439346 recv bytes:21439346
port num 337 send bytes:21439872 recv bytes:21439872
port num 338 send bytes:21439650 recv bytes:21439650
port num 339 send bytes:21439626 recv bytes:21439626
port num 340 send bytes:21440090 recv bytes:21440090
port num 341 send bytes:21439560 recv bytes:21439560
port num 342 send bytes:21440324 recv bytes:21440324
port num 343 send bytes:21439590 recv bytes:21439590
port num 344 send bytes:21439038 recv bytes:21439038
port num 345 send bytes:21439826 recv bytes:21439826
port num 346 send bytes:21439950 recv bytes:21439950
port num 347 send bytes:21439454 recv bytes:21439454
port num 348 send bytes:21440174 recv bytes:21440174
port num 349 send bytes:21440170 recv bytes:21440170
port num 350 send bytes:21439652 recv bytes:21439652
port num 351 send bytes:21439904 recv bytes:21439904
port num 352 send bytes:21440006 recv bytes:21440006
port num 353 send bytes:21440368 recv bytes:21440368
port num 354 send bytes:21439208 recv bytes:21439208
port num 355 send bytes:21439254 recv bytes:21439254
port num 356 send bytes:21439890 recv bytes:21439890
port num 357 send bytes:21439570 recv bytes:21439570
port num 358 send bytes:21440314 recv bytes:21440314
port num 359 send bytes:21439088 recv bytes:21439088
port num 360 send bytes:21440052 recv bytes:21440052
port num 361 send bytes:21440284 recv bytes:21440284
port num 362 send bytes:21439308 recv bytes:21439308
port num 363 send bytes:21439918 recv bytes:21439918
port num 364 send bytes:21439652 recv bytes:21439652
port num 365 send bytes:21439624 recv bytes:21439624
port num 366 send bytes:21439426 recv bytes:21439426
port num 367 send bytes:21440312 recv bytes:21440312
port num 368 send bytes:21439230 recv bytes:21439230
port num 369 send bytes:21439840 recv bytes:21439840
port num 370 send bytes:21439472 recv bytes:21439472
port num 371 send bytes:21440068 recv bytes:21440068
port num 372 send bytes:21440362 recv bytes:21440362
port num 373 send bytes:21440000 recv bytes:21440000
port num 374 send bytes:21439302 recv bytes:21439302
port num 375 send bytes:21439946 recv bytes:21439946
port num 376 send bytes:21439562 recv bytes:21439562
port num 377 send bytes:21440336 recv bytes:21440336
port num 378 send bytes:21439870 recv bytes:21439870
port num 379 send bytes:21439462 recv bytes:21439462
port num 380 send bytes:21439884 recv bytes:21439884
port num 381 send bytes:21439590 recv bytes:21439590
port num 382 send bytes:21439342 recv bytes:21439342
port num 383 send bytes:21440312 recv bytes:21440312

 ** average runtime : 304837974
