Determining if the pthread_create exist failed with the following output:
Change Dir: /home/pcl_liwh/yangzheng/recv/faster/cc/build/CMakeFiles/CMakeTmp

Run Build Command:"/usr/bin/make" "cmTC_589e4/fast"
/usr/bin/make -f CMakeFiles/cmTC_589e4.dir/build.make CMakeFiles/cmTC_589e4.dir/build
make[1]: Entering directory '/home/pcl_liwh/yangzheng/recv/faster/cc/build/CMakeFiles/CMakeTmp'
Building C object CMakeFiles/cmTC_589e4.dir/CheckSymbolExists.c.o
/usr/bin/cc    -o CMakeFiles/cmTC_589e4.dir/CheckSymbolExists.c.o   -c /home/pcl_liwh/yangzheng/recv/faster/cc/build/CMakeFiles/CMakeTmp/CheckSymbolExists.c
Linking C executable cmTC_589e4
/usr/local/bin/cmake -E cmake_link_script CMakeFiles/cmTC_589e4.dir/link.txt --verbose=1
/usr/bin/cc      -rdynamic CMakeFiles/cmTC_589e4.dir/CheckSymbolExists.c.o  -o cmTC_589e4 
CMakeFiles/cmTC_589e4.dir/CheckSymbolExists.c.o: In function `main':
CheckSymbolExists.c:(.text+0x16): undefined reference to `pthread_create'
collect2: error: ld returned 1 exit status
CMakeFiles/cmTC_589e4.dir/build.make:86: recipe for target 'cmTC_589e4' failed
make[1]: *** [cmTC_589e4] Error 1
make[1]: Leaving directory '/home/pcl_liwh/yangzheng/recv/faster/cc/build/CMakeFiles/CMakeTmp'
Makefile:121: recipe for target 'cmTC_589e4/fast' failed
make: *** [cmTC_589e4/fast] Error 2

File /home/pcl_liwh/yangzheng/recv/faster/cc/build/CMakeFiles/CMakeTmp/CheckSymbolExists.c:
/* */
#include <pthread.h>

int main(int argc, char** argv)
{
  (void)argv;
#ifndef pthread_create
  return ((int*)(&pthread_create))[argc];
#else
  (void)argc;
  return 0;
#endif
}

Determining if the function pthread_create exists in the pthreads failed with the following output:
Change Dir: /home/pcl_liwh/yangzheng/recv/faster/cc/build/CMakeFiles/CMakeTmp

Run Build Command:"/usr/bin/make" "cmTC_3ad8d/fast"
/usr/bin/make -f CMakeFiles/cmTC_3ad8d.dir/build.make CMakeFiles/cmTC_3ad8d.dir/build
make[1]: Entering directory '/home/pcl_liwh/yangzheng/recv/faster/cc/build/CMakeFiles/CMakeTmp'
Building C object CMakeFiles/cmTC_3ad8d.dir/CheckFunctionExists.c.o
/usr/bin/cc   -DCHECK_FUNCTION_EXISTS=pthread_create   -o CMakeFiles/cmTC_3ad8d.dir/CheckFunctionExists.c.o   -c /usr/local/share/cmake-3.12/Modules/CheckFunctionExists.c
Linking C executable cmTC_3ad8d
/usr/local/bin/cmake -E cmake_link_script CMakeFiles/cmTC_3ad8d.dir/link.txt --verbose=1
/usr/bin/cc  -DCHECK_FUNCTION_EXISTS=pthread_create    -rdynamic CMakeFiles/cmTC_3ad8d.dir/CheckFunctionExists.c.o  -o cmTC_3ad8d -lpthreads 
/usr/bin/ld: cannot find -lpthreads
collect2: error: ld returned 1 exit status
CMakeFiles/cmTC_3ad8d.dir/build.make:86: recipe for target 'cmTC_3ad8d' failed
make[1]: *** [cmTC_3ad8d] Error 1
make[1]: Leaving directory '/home/pcl_liwh/yangzheng/recv/faster/cc/build/CMakeFiles/CMakeTmp'
Makefile:121: recipe for target 'cmTC_3ad8d/fast' failed
make: *** [cmTC_3ad8d/fast] Error 2


